#
# A fatal error has been detected by the Java Runtime Environment:
#
#  EXCEPTION_ACCESS_VIOLATION (0xc0000005) at pc=0x0000000050d4a0b3, pid=1384, tid=0x0000000000000ee8
#
# JRE version: Java(TM) SE Runtime Environment (8.0_101-b13) (build 1.8.0_101-b13)
# Java VM: Java HotSpot(TM) 64-Bit Server VM (25.101-b13 mixed mode windows-amd64 compressed oops)
# Problematic frame:
# V  [jvm.dll+0x12a0b3]
#
# Failed to write core dump. Minidumps are not enabled by default on client versions of Windows
#
# If you would like to submit a bug report, please visit:
#   http://bugreport.java.com/bugreport/crash.jsp
#

---------------  T H R E A D  ---------------

Current thread (0x000000001513e000):  JavaThread "JDWP Transport Listener: dt_socket" daemon [_thread_in_vm, id=3816, stack(0x0000000016a50000,0x0000000016b50000)]

siginfo: ExceptionCode=0xc0000005, reading address 0xffffffffffffffff

Registers:
RAX=0x0000000016b4f401, RBX=0x77612f6100002710, RCX=0x000000001740a0a0, RDX=0x0000000000000000
RSP=0x0000000016b4f470, RBP=0x000000001740a0a0, RSI=0x0000000016b4f588, RDI=0x00000000027c81c0
R8 =0x000000001513e000, R9 =0x00000000173f8fc0, R10=0x00007ffaf14e0000, R11=0x0000000016b4f732
R12=0x0000000000000000, R13=0x000000001513bab8, R14=0x0000000000000000, R15=0x0000000000000000
RIP=0x0000000050d4a0b3, EFLAGS=0x0000000000010212

Top of Stack: (sp=0x0000000016b4f470)
0x0000000016b4f470:   000000001513e000 000000001513e000
0x0000000016b4f480:   0000000016b4f538 0000000050f52f0b
0x0000000016b4f490:   000000001513e000 0000000050f6f76d
0x0000000016b4f4a0:   0000000000000000 00000000506d9155
0x0000000016b4f4b0:   000000001af9d490 00000000506e291e
0x0000000016b4f4c0:   000000001513e000 0000000000000000
0x0000000016b4f4d0:   0000000000000000 0000000000000000
0x0000000016b4f4e0:   000000001740a0a0 00000000506e1a15
0x0000000016b4f4f0:   0000000016b4f588 0000000016b4f560
0x0000000016b4f500:   0000000000000001 000000001af9d490
0x0000000016b4f510:   000000001740a0a0 00000000506c53b3
0x0000000016b4f520:   0000000016b4f650 0000000000000001
0x0000000016b4f530:   0000000000000001 000000001af9d490
0x0000000016b4f540:   0000000000000001 0000000000000000
0x0000000016b4f550:   0000000000000000 0000000000000000
0x0000000016b4f560:   0000000000000001 00000000506c5571 

Instructions: (pc=0x0000000050d4a0b3)
0x0000000050d4a093:   28 48 85 c9 75 07 33 c0 48 83 c4 28 c3 48 89 5c
0x0000000050d4a0a3:   24 20 48 8b 19 48 85 db 74 20 48 83 fb 37 74 1a
0x0000000050d4a0b3:   48 8b 13 48 8b cb ff 52 10 84 c0 74 0d 48 8b c3
0x0000000050d4a0c3:   48 8b 5c 24 20 48 83 c4 28 c3 33 c0 48 8b 5c 24 


Register to memory mapping:

RAX=0x0000000016b4f401 is pointing into the stack for thread: 0x000000001513e000
RBX=0x77612f6100002710 is an unknown value
RCX=0x000000001740a0a0 is an unknown value
RDX=0x0000000000000000 is an unknown value
RSP=0x0000000016b4f470 is pointing into the stack for thread: 0x000000001513e000
RBP=0x000000001740a0a0 is an unknown value
RSI=0x0000000016b4f588 is pointing into the stack for thread: 0x000000001513e000
RDI=0x00000000027c81c0 is an unknown value
R8 =0x000000001513e000 is a thread
R9 =0x00000000173f8fc0 is an unknown value
R10=0x00007ffaf14e0000 is an unknown value
R11=0x0000000016b4f732 is pointing into the stack for thread: 0x000000001513e000
R12=0x0000000000000000 is an unknown value
R13=0x000000001513bab8 is an unknown value
R14=0x0000000000000000 is an unknown value
R15=0x0000000000000000 is an unknown value


Stack: [0x0000000016a50000,0x0000000016b50000],  sp=0x0000000016b4f470,  free space=1021k
Native frames: (J=compiled Java code, j=interpreted, Vv=VM code, C=native code)
V  [jvm.dll+0x12a0b3]
V  [jvm.dll+0x34f76d]
C  [jdwp.dll+0x21a15]
C  [jdwp.dll+0x53b3]
C  [jdwp.dll+0x5571]
C  [jdwp.dll+0xf0a8]
C  [jdwp.dll+0x1f2d5]
C  [jdwp.dll+0x1f4aa]
V  [jvm.dll+0x1bd258]
V  [jvm.dll+0x2451a4]
V  [jvm.dll+0x29c18a]
C  [msvcr100.dll+0x21d9f]
C  [msvcr100.dll+0x21e3b]
C  [KERNEL32.DLL+0x1611]
C  [ntdll.dll+0x764ad]


---------------  P R O C E S S  ---------------

Java Threads: ( => current thread )
  0x0000000018228000 JavaThread "MySQL Statement Cancellation Timer" daemon [_thread_blocked, id=704, stack(0x000000001a120000,0x000000001a220000)]
  0x0000000017b39000 JavaThread "TimerQueue" daemon [_thread_blocked, id=3456, stack(0x0000000018d50000,0x0000000018e50000)]
  0x0000000002a45000 JavaThread "DestroyJavaVM" [_thread_blocked, id=2300, stack(0x0000000002940000,0x0000000002a40000)]
  0x0000000017a7a800 JavaThread "AWT-EventQueue-0" [_thread_blocked, id=3112, stack(0x0000000018640000,0x0000000018740000)]
  0x0000000017440800 JavaThread "AWT-Windows" daemon [_thread_in_native, id=3260, stack(0x0000000018430000,0x0000000018530000)]
  0x0000000017440000 JavaThread "AWT-Shutdown" [_thread_blocked, id=5004, stack(0x0000000018330000,0x0000000018430000)]
  0x0000000017418000 JavaThread "Java2D Disposer" daemon [_thread_blocked, id=516, stack(0x0000000018230000,0x0000000018330000)]
  0x00000000170a5000 JavaThread "Service Thread" daemon [_thread_blocked, id=3100, stack(0x0000000017450000,0x0000000017550000)]
  0x000000001515f800 JavaThread "C1 CompilerThread2" daemon [_thread_blocked, id=1712, stack(0x0000000016f50000,0x0000000017050000)]
  0x000000001515f000 JavaThread "C2 CompilerThread1" daemon [_thread_blocked, id=5056, stack(0x0000000016e50000,0x0000000016f50000)]
  0x000000001515c000 JavaThread "C2 CompilerThread0" daemon [_thread_blocked, id=1088, stack(0x0000000016d50000,0x0000000016e50000)]
  0x000000001514d000 JavaThread "JDWP Command Reader" daemon [_thread_in_native, id=324, stack(0x0000000016c50000,0x0000000016d50000)]
  0x000000001514b800 JavaThread "JDWP Event Helper Thread" daemon [_thread_blocked, id=3188, stack(0x0000000016b50000,0x0000000016c50000)]
=>0x000000001513e000 JavaThread "JDWP Transport Listener: dt_socket" daemon [_thread_in_vm, id=3816, stack(0x0000000016a50000,0x0000000016b50000)]
  0x0000000015131000 JavaThread "Attach Listener" daemon [_thread_blocked, id=4540, stack(0x0000000016670000,0x0000000016770000)]
  0x000000001512f800 JavaThread "Signal Dispatcher" daemon [_thread_blocked, id=1880, stack(0x0000000016570000,0x0000000016670000)]
  0x000000001511a000 JavaThread "Finalizer" daemon [_thread_blocked, id=2812, stack(0x0000000016390000,0x0000000016490000)]
  0x0000000002b34000 JavaThread "Reference Handler" daemon [_thread_blocked, id=2808, stack(0x0000000016290000,0x0000000016390000)]

Other Threads:
  0x00000000150f7000 VMThread [stack: 0x0000000016190000,0x0000000016290000] [id=5036]
  0x00000000170ca800 WatcherThread [stack: 0x0000000017550000,0x0000000017650000] [id=4768]

VM state:not at safepoint (normal execution)

VM Mutex/Monitor currently owned by a thread: None

Heap:
 PSYoungGen      total 35328K, used 19604K [0x00000000eb300000, 0x00000000ed800000, 0x0000000100000000)
  eden space 32768K, 59% used [0x00000000eb300000,0x00000000ec6251a0,0x00000000ed300000)
  from space 2560K, 0% used [0x00000000ed580000,0x00000000ed580000,0x00000000ed800000)
  to   space 2560K, 0% used [0x00000000ed300000,0x00000000ed300000,0x00000000ed580000)
 ParOldGen       total 49664K, used 10910K [0x00000000c1800000, 0x00000000c4880000, 0x00000000eb300000)
  object space 49664K, 21% used [0x00000000c1800000,0x00000000c22a7998,0x00000000c4880000)
 Metaspace       used 24891K, capacity 25284K, committed 25472K, reserved 1071104K
  class space    used 3277K, capacity 3375K, committed 3456K, reserved 1048576K

Card table byte_map: [0x0000000011f00000,0x0000000012100000] byte_map_base: 0x00000000118f4000

Marking Bits: (ParMarkBitMap*) 0x000000005143a6d0
 Begin Bits: [0x0000000012650000, 0x00000000135f0000)
 End Bits:   [0x00000000135f0000, 0x0000000014590000)

Polling page: 0x0000000000fa0000

CodeCache: size=245760Kb used=7604Kb max_used=7616Kb free=238155Kb
 bounds [0x0000000002b40000, 0x00000000032c0000, 0x0000000011b40000]
 total_blobs=2925 nmethods=2330 adapters=515
 compilation: enabled

Compilation events (10 events):
Event: 15.401 Thread 0x000000001515f000 2496       4       java.security.AccessControlContext::optimize (318 bytes)
Event: 15.417 Thread 0x000000001515f800 2497       3       java.awt.LightweightDispatcher::isMouseGrab (49 bytes)
Event: 15.419 Thread 0x000000001515f800 nmethod 2497 0x00000000032ab310 code [0x00000000032ab4a0, 0x00000000032abab8]
Event: 15.451 Thread 0x000000001515f000 nmethod 2496 0x00000000032b6710 code [0x00000000032b68a0, 0x00000000032b7888]
Event: 15.959 Thread 0x000000001515f800 2498       3       java.awt.Rectangle::isEmpty (20 bytes)
Event: 15.959 Thread 0x000000001515f800 nmethod 2498 0x00000000032aaf50 code [0x00000000032ab0a0, 0x00000000032ab290]
Event: 8542.871 Thread 0x000000001515f800 2501       3       jdk.internal.org.objectweb.asm.ClassWriter::newNameTypeItem (71 bytes)
Event: 8551.014 Thread 0x000000001515f800 nmethod 2501 0x00000000032b5cd0 code [0x00000000032b5ec0, 0x00000000032b6418]
Event: 8552.963 Thread 0x000000001515f800 2500       3       jdk.internal.org.objectweb.asm.ClassWriter::newNameType (10 bytes)
Event: 8553.080 Thread 0x000000001515f800 nmethod 2500 0x0000000002c405d0 code [0x0000000002c40740, 0x0000000002c40908]

GC Heap History (10 events):
Event: 3.215 GC heap before
{Heap before GC invocations=1 (full 0):
 PSYoungGen      total 18944K, used 16384K [0x00000000eb300000, 0x00000000ec800000, 0x0000000100000000)
  eden space 16384K, 100% used [0x00000000eb300000,0x00000000ec300000,0x00000000ec300000)
  from space 2560K, 0% used [0x00000000ec580000,0x00000000ec580000,0x00000000ec800000)
  to   space 2560K, 0% used [0x00000000ec300000,0x00000000ec300000,0x00000000ec580000)
 ParOldGen       total 44032K, used 0K [0x00000000c1800000, 0x00000000c4300000, 0x00000000eb300000)
  object space 44032K, 0% used [0x00000000c1800000,0x00000000c1800000,0x00000000c4300000)
 Metaspace       used 14134K, capacity 14302K, committed 14464K, reserved 1062912K
  class space    used 1792K, capacity 1867K, committed 1920K, reserved 1048576K
Event: 3.238 GC heap after
Heap after GC invocations=1 (full 0):
 PSYoungGen      total 18944K, used 2544K [0x00000000eb300000, 0x00000000ec800000, 0x0000000100000000)
  eden space 16384K, 0% used [0x00000000eb300000,0x00000000eb300000,0x00000000ec300000)
  from space 2560K, 99% used [0x00000000ec300000,0x00000000ec57c060,0x00000000ec580000)
  to   space 2560K, 0% used [0x00000000ec580000,0x00000000ec580000,0x00000000ec800000)
 ParOldGen       total 44032K, used 1719K [0x00000000c1800000, 0x00000000c4300000, 0x00000000eb300000)
  object space 44032K, 3% used [0x00000000c1800000,0x00000000c19adec8,0x00000000c4300000)
 Metaspace       used 14134K, capacity 14302K, committed 14464K, reserved 1062912K
  class space    used 1792K, capacity 1867K, committed 1920K, reserved 1048576K
}
Event: 8.558 GC heap before
{Heap before GC invocations=2 (full 0):
 PSYoungGen      total 18944K, used 18928K [0x00000000eb300000, 0x00000000ec800000, 0x0000000100000000)
  eden space 16384K, 100% used [0x00000000eb300000,0x00000000ec300000,0x00000000ec300000)
  from space 2560K, 99% used [0x00000000ec300000,0x00000000ec57c060,0x00000000ec580000)
  to   space 2560K, 0% used [0x00000000ec580000,0x00000000ec580000,0x00000000ec800000)
 ParOldGen       total 44032K, used 1719K [0x00000000c1800000, 0x00000000c4300000, 0x00000000eb300000)
  object space 44032K, 3% used [0x00000000c1800000,0x00000000c19adec8,0x00000000c4300000)
 Metaspace       used 16966K, capacity 17256K, committed 17408K, reserved 1064960K
  class space    used 2152K, capacity 2258K, committed 2304K, reserved 1048576K
Event: 8.607 GC heap after
Heap after GC invocations=2 (full 0):
 PSYoungGen      total 18944K, used 2528K [0x00000000eb300000, 0x00000000ec800000, 0x0000000100000000)
  eden space 16384K, 0% used [0x00000000eb300000,0x00000000eb300000,0x00000000ec300000)
  from space 2560K, 98% used [0x00000000ec580000,0x00000000ec7f8040,0x00000000ec800000)
  to   space 2560K, 0% used [0x00000000ec300000,0x00000000ec300000,0x00000000ec580000)
 ParOldGen       total 44032K, used 14854K [0x00000000c1800000, 0x00000000c4300000, 0x00000000eb300000)
  object space 44032K, 33% used [0x00000000c1800000,0x00000000c2681be8,0x00000000c4300000)
 Metaspace       used 16966K, capacity 17256K, committed 17408K, reserved 1064960K
  class space    used 2152K, capacity 2258K, committed 2304K, reserved 1048576K
}
Event: 9.692 GC heap before
{Heap before GC invocations=3 (full 0):
 PSYoungGen      total 18944K, used 18912K [0x00000000eb300000, 0x00000000ec800000, 0x0000000100000000)
  eden space 16384K, 100% used [0x00000000eb300000,0x00000000ec300000,0x00000000ec300000)
  from space 2560K, 98% used [0x00000000ec580000,0x00000000ec7f8040,0x00000000ec800000)
  to   space 2560K, 0% used [0x00000000ec300000,0x00000000ec300000,0x00000000ec580000)
 ParOldGen       total 44032K, used 14854K [0x00000000c1800000, 0x00000000c4300000, 0x00000000eb300000)
  object space 44032K, 33% used [0x00000000c1800000,0x00000000c2681be8,0x00000000c4300000)
 Metaspace       used 19126K, capacity 19450K, committed 19456K, reserved 1067008K
  class space    used 2458K, capacity 2554K, committed 2560K, reserved 1048576K
Event: 9.709 GC heap after
Heap after GC invocations=3 (full 0):
 PSYoungGen      total 18944K, used 2528K [0x00000000eb300000, 0x00000000ed800000, 0x0000000100000000)
  eden space 16384K, 0% used [0x00000000eb300000,0x00000000eb300000,0x00000000ec300000)
  from space 2560K, 98% used [0x00000000ec300000,0x00000000ec578020,0x00000000ec580000)
  to   space 2560K, 0% used [0x00000000ed580000,0x00000000ed580000,0x00000000ed800000)
 ParOldGen       total 44032K, used 17511K [0x00000000c1800000, 0x00000000c4300000, 0x00000000eb300000)
  object space 44032K, 39% used [0x00000000c1800000,0x00000000c2919eb0,0x00000000c4300000)
 Metaspace       used 19126K, capacity 19450K, committed 19456K, reserved 1067008K
  class space    used 2458K, capacity 2554K, committed 2560K, reserved 1048576K
}
Event: 10.658 GC heap before
{Heap before GC invocations=4 (full 0):
 PSYoungGen      total 18944K, used 12525K [0x00000000eb300000, 0x00000000ed800000, 0x0000000100000000)
  eden space 16384K, 61% used [0x00000000eb300000,0x00000000ebcc35e8,0x00000000ec300000)
  from space 2560K, 98% used [0x00000000ec300000,0x00000000ec578020,0x00000000ec580000)
  to   space 2560K, 0% used [0x00000000ed580000,0x00000000ed580000,0x00000000ed800000)
 ParOldGen       total 44032K, used 17511K [0x00000000c1800000, 0x00000000c4300000, 0x00000000eb300000)
  object space 44032K, 39% used [0x00000000c1800000,0x00000000c2919eb0,0x00000000c4300000)
 Metaspace       used 20927K, capacity 21186K, committed 21248K, reserved 1067008K
  class space    used 2718K, capacity 2812K, committed 2816K, reserved 1048576K
Event: 10.675 GC heap after
Heap after GC invocations=4 (full 0):
 PSYoungGen      total 35328K, used 2528K [0x00000000eb300000, 0x00000000ed800000, 0x0000000100000000)
  eden space 32768K, 0% used [0x00000000eb300000,0x00000000eb300000,0x00000000ed300000)
  from space 2560K, 98% used [0x00000000ed580000,0x00000000ed7f8030,0x00000000ed800000)
  to   space 2560K, 0% used [0x00000000ed300000,0x00000000ed300000,0x00000000ed580000)
 ParOldGen       total 44032K, used 18983K [0x00000000c1800000, 0x00000000c4300000, 0x00000000eb300000)
  object space 44032K, 43% used [0x00000000c1800000,0x00000000c2a89f10,0x00000000c4300000)
 Metaspace       used 20927K, capacity 21186K, committed 21248K, reserved 1067008K
  class space    used 2718K, capacity 2812K, committed 2816K, reserved 1048576K
}
Event: 10.675 GC heap before
{Heap before GC invocations=5 (full 1):
 PSYoungGen      total 35328K, used 2528K [0x00000000eb300000, 0x00000000ed800000, 0x0000000100000000)
  eden space 32768K, 0% used [0x00000000eb300000,0x00000000eb300000,0x00000000ed300000)
  from space 2560K, 98% used [0x00000000ed580000,0x00000000ed7f8030,0x00000000ed800000)
  to   space 2560K, 0% used [0x00000000ed300000,0x00000000ed300000,0x00000000ed580000)
 ParOldGen       total 44032K, used 18983K [0x00000000c1800000, 0x00000000c4300000, 0x00000000eb300000)
  object space 44032K, 43% used [0x00000000c1800000,0x00000000c2a89f10,0x00000000c4300000)
 Metaspace       used 20927K, capacity 21186K, committed 21248K, reserved 1067008K
  class space    used 2718K, capacity 2812K, committed 2816K, reserved 1048576K
Event: 10.795 GC heap after
Heap after GC invocations=5 (full 1):
 PSYoungGen      total 35328K, used 0K [0x00000000eb300000, 0x00000000ed800000, 0x0000000100000000)
  eden space 32768K, 0% used [0x00000000eb300000,0x00000000eb300000,0x00000000ed300000)
  from space 2560K, 0% used [0x00000000ed580000,0x00000000ed580000,0x00000000ed800000)
  to   space 2560K, 0% used [0x00000000ed300000,0x00000000ed300000,0x00000000ed580000)
 ParOldGen       total 49664K, used 10910K [0x00000000c1800000, 0x00000000c4880000, 0x00000000eb300000)
  object space 49664K, 21% used [0x00000000c1800000,0x00000000c22a7998,0x00000000c4880000)
 Metaspace       used 20927K, capacity 21186K, committed 21248K, reserved 1067008K
  class space    used 2718K, capacity 2812K, committed 2816K, reserved 1048576K
}

Deoptimization events (10 events):
Event: 11.504 Thread 0x0000000017a7a800 Uncommon trap: reason=bimorphic action=maybe_recompile pc=0x0000000002ddb7a8 method=javax.swing.UIDefaults.getFromHashtable(Ljava/lang/Object;)Ljava/lang/Object; @ 126
Event: 11.599 Thread 0x0000000017a7a800 Uncommon trap: reason=class_check action=maybe_recompile pc=0x0000000002d31978 method=javax.swing.RepaintManager.addDirtyRegion0(Ljava/awt/Container;IIII)V @ 91
Event: 11.599 Thread 0x0000000017a7a800 Uncommon trap: reason=class_check action=maybe_recompile pc=0x0000000002d31978 method=javax.swing.RepaintManager.addDirtyRegion0(Ljava/awt/Container;IIII)V @ 91
Event: 11.600 Thread 0x0000000017a7a800 Uncommon trap: reason=class_check action=maybe_recompile pc=0x0000000002cd4b7c method=javax.swing.RepaintManager.addDirtyRegion0(Ljava/awt/Container;IIII)V @ 91
Event: 11.600 Thread 0x0000000017a7a800 Uncommon trap: reason=class_check action=maybe_recompile pc=0x0000000002cd4b7c method=javax.swing.RepaintManager.addDirtyRegion0(Ljava/awt/Container;IIII)V @ 91
Event: 11.679 Thread 0x0000000017a7a800 Uncommon trap: reason=unstable_if action=reinterpret pc=0x0000000002d4af18 method=java.util.HashMap.getNode(ILjava/lang/Object;)Ljava/util/HashMap$Node; @ 62
Event: 11.679 Thread 0x0000000017a7a800 Uncommon trap: reason=unstable_if action=reinterpret pc=0x000000000312bd38 method=java.util.HashMap.putVal(ILjava/lang/Object;Ljava/lang/Object;ZZ)Ljava/lang/Object; @ 94
Event: 11.680 Thread 0x0000000017a7a800 Uncommon trap: reason=unstable_if action=reinterpret pc=0x0000000002d425a4 method=java.util.HashMap.getNode(ILjava/lang/Object;)Ljava/util/HashMap$Node; @ 62
Event: 11.911 Thread 0x0000000017a7a800 Uncommon trap: reason=class_check action=maybe_recompile pc=0x0000000002d31978 method=javax.swing.RepaintManager.addDirtyRegion0(Ljava/awt/Container;IIII)V @ 91
Event: 12.345 Thread 0x0000000017a7a800 Uncommon trap: reason=unstable_if action=reinterpret pc=0x00000000032465c4 method=sun.font.CMap$CMapFormat4.getGlyph(I)C @ 181

Internal exceptions (10 events):
Event: 2.324 Thread 0x0000000017a7a800 Exception <a 'java/security/PrivilegedActionException'> (0x00000000ebe5c0c8) thrown at [C:\re\workspace\8-2-build-windows-amd64-cygwin\jdk8u101\7261\hotspot\src\share\vm\prims\jvm.cpp, line 1386]
Event: 2.356 Thread 0x0000000017a7a800 Exception <a 'java/security/PrivilegedActionException'> (0x00000000ebecaa90) thrown at [C:\re\workspace\8-2-build-windows-amd64-cygwin\jdk8u101\7261\hotspot\src\share\vm\prims\jvm.cpp, line 1386]
Event: 2.356 Thread 0x0000000017a7a800 Exception <a 'java/security/PrivilegedActionException'> (0x00000000ebecae88) thrown at [C:\re\workspace\8-2-build-windows-amd64-cygwin\jdk8u101\7261\hotspot\src\share\vm\prims\jvm.cpp, line 1386]
Event: 2.357 Thread 0x0000000017a7a800 Exception <a 'java/security/PrivilegedActionException'> (0x00000000ebed4af0) thrown at [C:\re\workspace\8-2-build-windows-amd64-cygwin\jdk8u101\7261\hotspot\src\share\vm\prims\jvm.cpp, line 1386]
Event: 2.358 Thread 0x0000000017a7a800 Exception <a 'java/security/PrivilegedActionException'> (0x00000000ebed4ee8) thrown at [C:\re\workspace\8-2-build-windows-amd64-cygwin\jdk8u101\7261\hotspot\src\share\vm\prims\jvm.cpp, line 1386]
Event: 2.359 Thread 0x0000000017a7a800 Exception <a 'java/security/PrivilegedActionException'> (0x00000000ebedf6b0) thrown at [C:\re\workspace\8-2-build-windows-amd64-cygwin\jdk8u101\7261\hotspot\src\share\vm\prims\jvm.cpp, line 1386]
Event: 2.359 Thread 0x0000000017a7a800 Exception <a 'java/security/PrivilegedActionException'> (0x00000000ebedfaa8) thrown at [C:\re\workspace\8-2-build-windows-amd64-cygwin\jdk8u101\7261\hotspot\src\share\vm\prims\jvm.cpp, line 1386]
Event: 2.360 Thread 0x0000000017a7a800 Exception <a 'java/security/PrivilegedActionException'> (0x00000000ebee9ea8) thrown at [C:\re\workspace\8-2-build-windows-amd64-cygwin\jdk8u101\7261\hotspot\src\share\vm\prims\jvm.cpp, line 1386]
Event: 2.361 Thread 0x0000000017a7a800 Exception <a 'java/security/PrivilegedActionException'> (0x00000000ebeea300) thrown at [C:\re\workspace\8-2-build-windows-amd64-cygwin\jdk8u101\7261\hotspot\src\share\vm\prims\jvm.cpp, line 1386]
Event: 10.116 Thread 0x0000000017a7a800 Exception <a 'sun/nio/fs/WindowsException'> (0x00000000eb7c9950) thrown at [C:\re\workspace\8-2-build-windows-amd64-cygwin\jdk8u101\7261\hotspot\src\share\vm\prims\jni.cpp, line 709]

Events (10 events):
Event: 10969.218 Executing VM operation: RedefineClasses
Event: 10970.837 Executing VM operation: RedefineClasses done
Event: 11344.102 Executing VM operation: RedefineClasses
Event: 11344.424 Executing VM operation: RedefineClasses done
Event: 11375.060 Executing VM operation: RedefineClasses
Event: 11375.352 Executing VM operation: RedefineClasses done
Event: 11409.938 Executing VM operation: RedefineClasses
Event: 11410.321 Executing VM operation: RedefineClasses done
Event: 11639.613 Executing VM operation: RedefineClasses
Event: 11639.919 Executing VM operation: RedefineClasses done


Dynamic libraries:
0x00007ff6f8c80000 - 0x00007ff6f8cb7000 	C:\Program Files\Java\jre1.8.0_101\bin\javaw.exe
0x00007ffaf14e0000 - 0x00007ffaf1689000 	C:\Windows\SYSTEM32\ntdll.dll
0x00007ffaf1200000 - 0x00007ffaf133a000 	C:\Windows\system32\KERNEL32.DLL
0x00007ffaeebb0000 - 0x00007ffaeecbf000 	C:\Windows\system32\KERNELBASE.dll
0x00007ffaf0eb0000 - 0x00007ffaf0f55000 	C:\Windows\system32\ADVAPI32.dll
0x00007ffaf1080000 - 0x00007ffaf11f1000 	C:\Windows\system32\USER32.dll
0x00007ffaeca50000 - 0x00007ffaeccaa000 	C:\Windows\WinSxS\amd64_microsoft.windows.common-controls_6595b64144ccf1df_6.0.9600.16384_none_62475f7becb72503\COMCTL32.dll
0x00007ffaeef50000 - 0x00007ffaeeff7000 	C:\Windows\system32\msvcrt.dll
0x00007ffaf0e50000 - 0x00007ffaf0ea7000 	C:\Windows\SYSTEM32\sechost.dll
0x00007ffaef6e0000 - 0x00007ffaef816000 	C:\Windows\system32\RPCRT4.dll
0x00007ffaef060000 - 0x00007ffaef1a5000 	C:\Windows\system32\GDI32.dll
0x00007ffaef380000 - 0x00007ffaef3b4000 	C:\Windows\system32\IMM32.DLL
0x00007ffaef240000 - 0x00007ffaef379000 	C:\Windows\system32\MSCTF.dll
0x0000000050700000 - 0x00000000507d2000 	C:\Program Files\Java\jre1.8.0_101\bin\msvcr100.dll
0x0000000050c20000 - 0x00000000514ba000 	C:\Program Files\Java\jre1.8.0_101\bin\server\jvm.dll
0x00007ffae56a0000 - 0x00007ffae56a9000 	C:\Windows\SYSTEM32\WSOCK32.dll
0x00007ffae66c0000 - 0x00007ffae66df000 	C:\Windows\SYSTEM32\WINMM.dll
0x00007ffae5650000 - 0x00007ffae565a000 	C:\Windows\SYSTEM32\VERSION.dll
0x00007ffaef1b0000 - 0x00007ffaef1b7000 	C:\Windows\system32\PSAPI.DLL
0x00007ffaef670000 - 0x00007ffaef6c8000 	C:\Windows\system32\WS2_32.dll
0x00007ffae6690000 - 0x00007ffae66ba000 	C:\Windows\SYSTEM32\WINMMBASE.dll
0x00007ffaef650000 - 0x00007ffaef659000 	C:\Windows\system32\NSI.dll
0x00007ffaeeb60000 - 0x00007ffaeebaa000 	C:\Windows\SYSTEM32\cfgmgr32.dll
0x00007ffaed710000 - 0x00007ffaed736000 	C:\Windows\SYSTEM32\DEVOBJ.dll
0x0000000050b30000 - 0x0000000050b3f000 	C:\Program Files\Java\jre1.8.0_101\bin\verify.dll
0x0000000050b00000 - 0x0000000050b29000 	C:\Program Files\Java\jre1.8.0_101\bin\java.dll
0x00000000506c0000 - 0x00000000506f5000 	C:\Program Files\Java\jre1.8.0_101\bin\jdwp.dll
0x00000000506b0000 - 0x00000000506b8000 	C:\Program Files\Java\jre1.8.0_101\bin\npt.dll
0x0000000050ae0000 - 0x0000000050af6000 	C:\Program Files\Java\jre1.8.0_101\bin\zip.dll
0x00007ffaefa40000 - 0x00007ffaf0e4e000 	C:\Windows\system32\SHELL32.dll
0x00007ffaeed70000 - 0x00007ffaeef47000 	C:\Windows\SYSTEM32\combase.dll
0x00007ffaef1c0000 - 0x00007ffaef211000 	C:\Windows\system32\SHLWAPI.dll
0x00007ffaed150000 - 0x00007ffaed1f1000 	C:\Windows\SYSTEM32\SHCORE.dll
0x00007ffaee860000 - 0x00007ffaee874000 	C:\Windows\SYSTEM32\profapi.dll
0x00000000506a0000 - 0x00000000506a9000 	C:\Program Files\Java\jre1.8.0_101\bin\dt_socket.dll
0x00007ffae0580000 - 0x00007ffae0594000 	C:\Windows\system32\napinsp.dll
0x00007ffae0560000 - 0x00007ffae0579000 	C:\Windows\system32\pnrpnsp.dll
0x00007ffaec060000 - 0x00007ffaec079000 	C:\Windows\system32\NLAapi.dll
0x00007ffaee0c0000 - 0x00007ffaee118000 	C:\Windows\System32\mswsock.dll
0x00007ffaeded0000 - 0x00007ffaedf73000 	C:\Windows\SYSTEM32\DNSAPI.dll
0x00007ffae0550000 - 0x00007ffae055c000 	C:\Windows\System32\winrnr.dll
0x00007ffae0530000 - 0x00007ffae0543000 	C:\Windows\system32\wshbth.dll
0x00007ffaeaf40000 - 0x00007ffaeafa7000 	C:\Windows\System32\fwpuclnt.dll
0x00007ffae7940000 - 0x00007ffae7949000 	C:\Windows\System32\rasadhlp.dll
0x00000000508c0000 - 0x0000000050a58000 	C:\Program Files\Java\jre1.8.0_101\bin\awt.dll
0x00007ffaf0fc0000 - 0x00007ffaf1077000 	C:\Windows\system32\OLEAUT32.dll
0x00007ffaed490000 - 0x00007ffaed51b000 	C:\Windows\system32\apphelp.dll
0x00007ffaed540000 - 0x00007ffaed662000 	C:\Windows\system32\uxtheme.dll
0x00007ffaeccb0000 - 0x00007ffaeccd1000 	C:\Windows\system32\dwmapi.dll
0x00007ffaef820000 - 0x00007ffaef995000 	C:\Windows\system32\ole32.dll
0x00007ffaed520000 - 0x00007ffaed52a000 	C:\Windows\SYSTEM32\kernel.appcore.dll
0x00007ffaee6d0000 - 0x00007ffaee6da000 	C:\Windows\SYSTEM32\CRYPTBASE.dll
0x00007ffaee670000 - 0x00007ffaee6ce000 	C:\Windows\SYSTEM32\bcryptPrimitives.dll
0x0000000050870000 - 0x00000000508b7000 	C:\Program Files\Java\jre1.8.0_101\bin\fontmanager.dll
0x0000000050ac0000 - 0x0000000050ada000 	C:\Program Files\Java\jre1.8.0_101\bin\net.dll
0x0000000050aa0000 - 0x0000000050ab1000 	C:\Program Files\Java\jre1.8.0_101\bin\nio.dll
0x0000000050820000 - 0x0000000050862000 	C:\Program Files\Java\jre1.8.0_101\bin\t2k.dll
0x00007ffaef5a0000 - 0x00007ffaef644000 	C:\Windows\SYSTEM32\clbcatq.dll
0x00007ffaec5b0000 - 0x00007ffaec743000 	C:\Windows\SYSTEM32\WindowsCodecs.dll
0x00007ffaee120000 - 0x00007ffaee13e000 	C:\Windows\SYSTEM32\CRYPTSP.dll
0x00007ffaedd60000 - 0x00007ffaedd95000 	C:\Windows\system32\rsaenh.dll
0x00007ffaee350000 - 0x00007ffaee376000 	C:\Windows\SYSTEM32\bcrypt.dll
0x00007ffaede70000 - 0x00007ffaede8f000 	C:\Windows\SYSTEM32\USERENV.dll
0x00007ffaeb760000 - 0x00007ffaeb789000 	C:\Windows\SYSTEM32\IPHLPAPI.DLL
0x00007ffaeb750000 - 0x00007ffaeb75a000 	C:\Windows\SYSTEM32\WINNSI.DLL
0x00007ffaeaef0000 - 0x00007ffaeaf04000 	C:\Windows\SYSTEM32\dhcpcsvc6.DLL
0x00007ffaeaed0000 - 0x00007ffaeaee9000 	C:\Windows\SYSTEM32\dhcpcsvc.DLL
0x00007ffad09f0000 - 0x00007ffad0b78000 	C:\Windows\SYSTEM32\dbghelp.dll

VM Arguments:
jvm_args: -agentlib:jdwp=transport=dt_socket,suspend=y,address=localhost:49390 -Dfile.encoding=Cp1252 
java_command: Pages.ReportBank
java_class_path (initial): J:\Project\Eclipse\Bank\bin;D:\Soft\Comp Lag Soft\JAVA\Jar Files\Face\Animation Class (Version 1,5)\AnimatonClass.jar;D:\Soft\Comp Lag Soft\JAVA\Jar Files\Controals\DateChooserDemo.jar;D:\Soft\Comp Lag Soft\JAVA\Jar Files\Controals\jcalendar-1.4.jar;D:\Soft\Comp Lag Soft\JAVA\Jar Files\Controals\jdatepicker-1.3.2.jar;D:\Soft\Comp Lag Soft\JAVA\Jar Files\Controals\jgoodies-forms-1.8.0.jar;D:\Soft\Comp Lag Soft\JAVA\Jar Files\Controals\jgoodies-forms-1.8.0-sources.jar;D:\Soft\Comp Lag Soft\JAVA\Jar Files\Controals\miglayout15-swing.jar;D:\Soft\Comp Lag Soft\JAVA\Jar Files\Database\classes12.jar;D:\Soft\Comp Lag Soft\JAVA\Jar Files\Database\com.mysql.jdbc_5.1.5.jar;D:\Soft\Comp Lag Soft\JAVA\Jar Files\Database\ojdbc14-1.0.jar;D:\Soft\Comp Lag Soft\JAVA\Jar Files\Repot\jasperreports-6.2.0-project (2)\jasperreports-6.2.0\dist\jasperreports-6.2.0.jar;D:\Soft\Comp Lag Soft\JAVA\Jar Files\Repot\jasperreports-6.2.0-project (2)\jasperreports-6.2.0\dist\jasperreports-fonts-6.2.0.jar;D:\Soft\Comp Lag Soft\JAVA\Jar Files\Repot\jasperreports-6.2.0-project (2)\jasperreports-6.2.0\dist\jasperreports-javaflow-6.2.0.jar;D:\Soft\Comp Lag Soft\JAVA\Jar Files\Repot\jasperreports-6.2.0-project (2)\jasperreports-6.2.0\lib\ant-1.7.1.jar;D:\Soft\Comp Lag Soft\JAVA\Jar Files\Repot\jasperreports-6.2.0-project (2)\jasperreports-6.2.0\lib\antlr-2.7.5.jar;D:\Soft\Comp Lag Soft\JAVA\Jar Files\Repot\jasperreports-6.2.0-project (2)\jasperreports-6.2.0\lib\barbecue-1.5-beta1.jar;D:\Soft\Comp Lag Soft\JAVA\Jar Files\Repot\jasperreports-6.2.0-project (2)\jasperreports-6.2.0\lib\barcode4j-2.1.jar;D:\Soft\Comp Lag Soft\JAVA\Jar Files\Repot\jasperreports-6.2.0-project (2)\jasperreports-6.2.0\lib\batik-anim.jar;D:\Soft\Comp Lag Soft\JAVA\Jar Files\Repot\jasperreports-6.2.0-project (2)\jasperreports-6.2.0\lib\batik-awt-util.jar;D:\Soft\Comp Lag Soft\JAVA\Jar Files\Repot\jasperreports-6.2.0-project (2)\jasperreports-6.2.0\lib\batik-bridge.jar;D:\Soft\Comp Lag Soft\JAVA\Jar Files
Launcher Type: SUN_STANDARD

Environment Variables:
PATH=C:/Program Files/Java/jre1.8.0_101/bin/server;C:/Program Files/Java/jre1.8.0_101/bin;C:/Program Files/Java/jre1.8.0_101/lib/amd64;C:\oraclexe\app\oracle\product\10.2.0\server\bin;C:\ProgramData\Oracle\Java\javapath;C:\Windows\system32;C:\Windows;C:\Windows\System32\Wbem;C:\Windows\System32\WindowsPowerShell\v1.0\;C:\Program Files (x86)\MySQL\MySQL Server 5.5\bin;C:\Program Files\Intel\WiFi\bin\;C:\Program Files\Common Files\Intel\WirelessCommon\;C:\Program Files (x86)\ATI Technologies\ATI.ACE\Core-Static;C:\Program Files (x86)\Common Files\lenovo\easyplussdk\bin;C:\Program Files\MySQL\MySQL Utilities 1.6\;C:\Program Files\Java\jdk1.8.0_101\bin;D:\Soft\Comp Lag Soft\JAVA\Eclipse\eclipse-jee-mars-2-win32-x86_64\eclipse;
USERNAME=appasaheb
OS=Windows_NT
PROCESSOR_IDENTIFIER=Intel64 Family 6 Model 69 Stepping 1, GenuineIntel



---------------  S Y S T E M  ---------------

OS: Windows 8.1 , 64 bit Build 9600 (6.3.9600.16384)

CPU:total 4 (2 cores per cpu, 2 threads per core) family 6 model 69 stepping 1, cmov, cx8, fxsr, mmx, sse, sse2, sse3, ssse3, sse4.1, sse4.2, popcnt, avx, avx2, aes, clmul, erms, lzcnt, ht, tsc, tscinvbit, bmi1, bmi2

Memory: 4k page, physical 4088172k(1027152k free), swap 9986540k(1648228k free)

vm_info: Java HotSpot(TM) 64-Bit Server VM (25.101-b13) for windows-amd64 JRE (1.8.0_101-b13), built on Jun 22 2016 01:21:29 by "java_re" with MS VC++ 10.0 (VS2010)

time: Thu Oct 13 14:52:17 2016
elapsed time: 12172 seconds (0d 3h 22m 52s)

