#
# A fatal error has been detected by the Java Runtime Environment:
#
#  EXCEPTION_ACCESS_VIOLATION (0xc0000005) at pc=0x0000000050d4a0a5, pid=5572, tid=0x000000000000160c
#
# JRE version: Java(TM) SE Runtime Environment (8.0_101-b13) (build 1.8.0_101-b13)
# Java VM: Java HotSpot(TM) 64-Bit Server VM (25.101-b13 mixed mode windows-amd64 compressed oops)
# Problematic frame:
# V  [jvm.dll+0x12a0a5]
#
# Failed to write core dump. Minidumps are not enabled by default on client versions of Windows
#
# If you would like to submit a bug report, please visit:
#   http://bugreport.java.com/bugreport/crash.jsp
#

---------------  T H R E A D  ---------------

Current thread (0x0000000015560000):  JavaThread "JDWP Transport Listener: dt_socket" daemon [_thread_in_vm, id=5644, stack(0x0000000016d80000,0x0000000016e80000)]

siginfo: ExceptionCode=0xc0000005, reading address 0x0000000000000008

Registers:
RAX=0x0000000016e7f401, RBX=0x0000000015560000, RCX=0x0000000000000008, RDX=0x0000000000000000
RSP=0x0000000016e7f400, RBP=0x0000000000000008, RSI=0x0000000016e7f518, RDI=0x0000000002c481c0
R8 =0x0000000015560000, R9 =0x000000001747df70, R10=0x00007ffaf14e0000, R11=0x0000000016e7f6c2
R12=0x0000000000000000, R13=0x000000001555da98, R14=0x0000000000000000, R15=0x0000000000000000
RIP=0x0000000050d4a0a5, EFLAGS=0x0000000000010202

Top of Stack: (sp=0x0000000016e7f400)
0x0000000016e7f400:   0000000015560000 0000000015560000
0x0000000016e7f410:   0000000016e7f4c8 0000000050f52f0b
0x0000000016e7f420:   0000000015560000 0000000050f6f76d
0x0000000016e7f430:   0000000000000000 00000000506d9155
0x0000000016e7f440:   0000000019820800 00000000506e291e
0x0000000016e7f450:   0000000015560000 0000000000000000
0x0000000016e7f460:   0000000000000000 0000000000000000
0x0000000016e7f470:   0000000000000008 00000000506e1a15
0x0000000016e7f480:   0000000016e7f518 0000000016e7f4f0
0x0000000016e7f490:   0000000000000001 0000000019820800
0x0000000016e7f4a0:   0000000000000008 00000000506c53b3
0x0000000016e7f4b0:   0000000016e7f5e0 0000000000000001
0x0000000016e7f4c0:   0000000000000001 0000000019820800
0x0000000016e7f4d0:   0000000000000001 0000000000000000
0x0000000016e7f4e0:   0000000000000000 0000000000000000
0x0000000016e7f4f0:   0000000000000001 00000000506c5571 

Instructions: (pc=0x0000000050d4a0a5)
0x0000000050d4a085:   cc cc cc cc cc cc cc cc cc cc cc 48 83 ec 28 48
0x0000000050d4a095:   85 c9 75 07 33 c0 48 83 c4 28 c3 48 89 5c 24 20
0x0000000050d4a0a5:   48 8b 19 48 85 db 74 20 48 83 fb 37 74 1a 48 8b
0x0000000050d4a0b5:   13 48 8b cb ff 52 10 84 c0 74 0d 48 8b c3 48 8b 


Register to memory mapping:

RAX=0x0000000016e7f401 is pointing into the stack for thread: 0x0000000015560000
RBX=0x0000000015560000 is a thread
RCX=0x0000000000000008 is an unknown value
RDX=0x0000000000000000 is an unknown value
RSP=0x0000000016e7f400 is pointing into the stack for thread: 0x0000000015560000
RBP=0x0000000000000008 is an unknown value
RSI=0x0000000016e7f518 is pointing into the stack for thread: 0x0000000015560000
RDI=0x0000000002c481c0 is an unknown value
R8 =0x0000000015560000 is a thread
R9 =0x000000001747df70 is an unknown value
R10=0x00007ffaf14e0000 is an unknown value
R11=0x0000000016e7f6c2 is pointing into the stack for thread: 0x0000000015560000
R12=0x0000000000000000 is an unknown value
R13=0x000000001555da98 is an unknown value
R14=0x0000000000000000 is an unknown value
R15=0x0000000000000000 is an unknown value


Stack: [0x0000000016d80000,0x0000000016e80000],  sp=0x0000000016e7f400,  free space=1021k
Native frames: (J=compiled Java code, j=interpreted, Vv=VM code, C=native code)
V  [jvm.dll+0x12a0a5]
V  [jvm.dll+0x34f76d]
C  [jdwp.dll+0x21a15]
C  [jdwp.dll+0x53b3]
C  [jdwp.dll+0x5571]
C  [jdwp.dll+0xf0a8]
C  [jdwp.dll+0x1f2d5]
C  [jdwp.dll+0x1f4aa]
V  [jvm.dll+0x1bd258]
V  [jvm.dll+0x2451a4]
V  [jvm.dll+0x29c18a]
C  [msvcr100.dll+0x21d9f]
C  [msvcr100.dll+0x21e3b]
C  [KERNEL32.DLL+0x1611]
C  [ntdll.dll+0x764ad]


---------------  P R O C E S S  ---------------

Java Threads: ( => current thread )
  0x00000000184bb800 JavaThread "MySQL Statement Cancellation Timer" daemon [_thread_blocked, id=5716, stack(0x000000001a460000,0x000000001a560000)]
  0x0000000017e4a800 JavaThread "TimerQueue" daemon [_thread_blocked, id=5704, stack(0x0000000019090000,0x0000000019190000)]
  0x0000000002e65000 JavaThread "DestroyJavaVM" [_thread_blocked, id=5600, stack(0x0000000002d60000,0x0000000002e60000)]
  0x000000001776b000 JavaThread "AWT-EventQueue-0" [_thread_blocked, id=5700, stack(0x0000000018980000,0x0000000018a80000)]
  0x0000000017753800 JavaThread "AWT-Windows" daemon [_thread_in_native, id=5696, stack(0x0000000018760000,0x0000000018860000)]
  0x0000000017753000 JavaThread "AWT-Shutdown" [_thread_blocked, id=5692, stack(0x0000000018660000,0x0000000018760000)]
  0x000000001773e800 JavaThread "Java2D Disposer" daemon [_thread_blocked, id=5688, stack(0x0000000018560000,0x0000000018660000)]
  0x00000000173cb800 JavaThread "Service Thread" daemon [_thread_blocked, id=5680, stack(0x0000000017780000,0x0000000017880000)]
  0x0000000015581800 JavaThread "C1 CompilerThread2" daemon [_thread_blocked, id=5676, stack(0x0000000017280000,0x0000000017380000)]
  0x0000000015580000 JavaThread "C2 CompilerThread1" daemon [_thread_blocked, id=5672, stack(0x0000000017180000,0x0000000017280000)]
  0x000000001557c000 JavaThread "C2 CompilerThread0" daemon [_thread_blocked, id=5668, stack(0x0000000017080000,0x0000000017180000)]
  0x0000000015570800 JavaThread "JDWP Command Reader" daemon [_thread_in_native, id=5660, stack(0x0000000016f80000,0x0000000017080000)]
  0x000000001556f800 JavaThread "JDWP Event Helper Thread" daemon [_thread_blocked, id=5656, stack(0x0000000016e80000,0x0000000016f80000)]
=>0x0000000015560000 JavaThread "JDWP Transport Listener: dt_socket" daemon [_thread_in_vm, id=5644, stack(0x0000000016d80000,0x0000000016e80000)]
  0x0000000015551000 JavaThread "Attach Listener" daemon [_thread_blocked, id=5636, stack(0x00000000169a0000,0x0000000016aa0000)]
  0x000000001554f800 JavaThread "Signal Dispatcher" daemon [_thread_blocked, id=5632, stack(0x00000000168a0000,0x00000000169a0000)]
  0x000000001553a000 JavaThread "Finalizer" daemon [_thread_blocked, id=5628, stack(0x00000000167a0000,0x00000000168a0000)]
  0x0000000002f54000 JavaThread "Reference Handler" daemon [_thread_blocked, id=5624, stack(0x00000000166a0000,0x00000000167a0000)]

Other Threads:
  0x0000000015517000 VMThread [stack: 0x00000000165a0000,0x00000000166a0000] [id=5620]
  0x00000000173f1000 WatcherThread [stack: 0x0000000017880000,0x0000000017980000] [id=5684]

VM state:not at safepoint (normal execution)

VM Mutex/Monitor currently owned by a thread: None

Heap:
 PSYoungGen      total 35328K, used 18873K [0x00000000eb300000, 0x00000000ed800000, 0x0000000100000000)
  eden space 32768K, 57% used [0x00000000eb300000,0x00000000ec56e760,0x00000000ed300000)
  from space 2560K, 0% used [0x00000000ed580000,0x00000000ed580000,0x00000000ed800000)
  to   space 2560K, 0% used [0x00000000ed300000,0x00000000ed300000,0x00000000ed580000)
 ParOldGen       total 48640K, used 10820K [0x00000000c1800000, 0x00000000c4780000, 0x00000000eb300000)
  object space 48640K, 22% used [0x00000000c1800000,0x00000000c2291340,0x00000000c4780000)
 Metaspace       used 24375K, capacity 24708K, committed 24832K, reserved 1071104K
  class space    used 3195K, capacity 3311K, committed 3328K, reserved 1048576K

Card table byte_map: [0x0000000012320000,0x0000000012520000] byte_map_base: 0x0000000011d14000

Marking Bits: (ParMarkBitMap*) 0x000000005143a6d0
 Begin Bits: [0x0000000012a70000, 0x0000000013a10000)
 End Bits:   [0x0000000013a10000, 0x00000000149b0000)

Polling page: 0x0000000001390000

CodeCache: size=245760Kb used=7473Kb max_used=7484Kb free=238286Kb
 bounds [0x0000000002f60000, 0x00000000036c0000, 0x0000000011f60000]
 total_blobs=2899 nmethods=2303 adapters=515
 compilation: enabled

Compilation events (10 events):
Event: 14.397 Thread 0x0000000015581800 2449       3       java.awt.AWTEventMulticaster::removeInternal (29 bytes)
Event: 14.398 Thread 0x0000000015581800 nmethod 2449 0x00000000036b3c90 code [0x00000000036b3e20, 0x00000000036b42c8]
Event: 8194.704 Thread 0x0000000015581800 2450       3       java.awt.RenderingHints::put (55 bytes)
Event: 8226.839 Thread 0x0000000015581800 nmethod 2450 0x00000000036b4390 code [0x00000000036b4620, 0x00000000036b57c8]
Event: 8230.446 Thread 0x0000000015581800 2452       3       jdk.internal.org.objectweb.asm.ClassWriter::newNameType (10 bytes)
Event: 8231.558 Thread 0x0000000015581800 nmethod 2452 0x0000000003070550 code [0x00000000030706c0, 0x0000000003070888]
Event: 8233.233 Thread 0x0000000015581800 2453       3       jdk.internal.org.objectweb.asm.ClassWriter::newNameTypeItem (71 bytes)
Event: 8233.724 Thread 0x0000000015581800 nmethod 2453 0x00000000030bd110 code [0x00000000030bd300, 0x00000000030bd858]
Event: 10046.848 Thread 0x0000000015580000 2454       4       sun.awt.AWTAutoShutdown::isReadyToShutdown (37 bytes)
Event: 10046.966 Thread 0x0000000015580000 nmethod 2454 0x000000000312b610 code [0x000000000312b760, 0x000000000312b838]

GC Heap History (10 events):
Event: 3.549 GC heap before
{Heap before GC invocations=1 (full 0):
 PSYoungGen      total 18944K, used 16384K [0x00000000eb300000, 0x00000000ec800000, 0x0000000100000000)
  eden space 16384K, 100% used [0x00000000eb300000,0x00000000ec300000,0x00000000ec300000)
  from space 2560K, 0% used [0x00000000ec580000,0x00000000ec580000,0x00000000ec800000)
  to   space 2560K, 0% used [0x00000000ec300000,0x00000000ec300000,0x00000000ec580000)
 ParOldGen       total 44032K, used 0K [0x00000000c1800000, 0x00000000c4300000, 0x00000000eb300000)
  object space 44032K, 0% used [0x00000000c1800000,0x00000000c1800000,0x00000000c4300000)
 Metaspace       used 14152K, capacity 14366K, committed 14464K, reserved 1062912K
  class space    used 1792K, capacity 1867K, committed 1920K, reserved 1048576K
Event: 3.570 GC heap after
Heap after GC invocations=1 (full 0):
 PSYoungGen      total 18944K, used 2544K [0x00000000eb300000, 0x00000000ec800000, 0x0000000100000000)
  eden space 16384K, 0% used [0x00000000eb300000,0x00000000eb300000,0x00000000ec300000)
  from space 2560K, 99% used [0x00000000ec300000,0x00000000ec57c060,0x00000000ec580000)
  to   space 2560K, 0% used [0x00000000ec580000,0x00000000ec580000,0x00000000ec800000)
 ParOldGen       total 44032K, used 1712K [0x00000000c1800000, 0x00000000c4300000, 0x00000000eb300000)
  object space 44032K, 3% used [0x00000000c1800000,0x00000000c19ac110,0x00000000c4300000)
 Metaspace       used 14152K, capacity 14366K, committed 14464K, reserved 1062912K
  class space    used 1792K, capacity 1867K, committed 1920K, reserved 1048576K
}
Event: 7.463 GC heap before
{Heap before GC invocations=2 (full 0):
 PSYoungGen      total 18944K, used 18928K [0x00000000eb300000, 0x00000000ec800000, 0x0000000100000000)
  eden space 16384K, 100% used [0x00000000eb300000,0x00000000ec300000,0x00000000ec300000)
  from space 2560K, 99% used [0x00000000ec300000,0x00000000ec57c060,0x00000000ec580000)
  to   space 2560K, 0% used [0x00000000ec580000,0x00000000ec580000,0x00000000ec800000)
 ParOldGen       total 44032K, used 1712K [0x00000000c1800000, 0x00000000c4300000, 0x00000000eb300000)
  object space 44032K, 3% used [0x00000000c1800000,0x00000000c19ac110,0x00000000c4300000)
 Metaspace       used 17441K, capacity 17792K, committed 18048K, reserved 1064960K
  class space    used 2212K, capacity 2326K, committed 2432K, reserved 1048576K
Event: 7.507 GC heap after
Heap after GC invocations=2 (full 0):
 PSYoungGen      total 18944K, used 2528K [0x00000000eb300000, 0x00000000ec800000, 0x0000000100000000)
  eden space 16384K, 0% used [0x00000000eb300000,0x00000000eb300000,0x00000000ec300000)
  from space 2560K, 98% used [0x00000000ec580000,0x00000000ec7f8030,0x00000000ec800000)
  to   space 2560K, 0% used [0x00000000ec300000,0x00000000ec300000,0x00000000ec580000)
 ParOldGen       total 44032K, used 13731K [0x00000000c1800000, 0x00000000c4300000, 0x00000000eb300000)
  object space 44032K, 31% used [0x00000000c1800000,0x00000000c2568e58,0x00000000c4300000)
 Metaspace       used 17441K, capacity 17792K, committed 18048K, reserved 1064960K
  class space    used 2212K, capacity 2326K, committed 2432K, reserved 1048576K
}
Event: 8.342 GC heap before
{Heap before GC invocations=3 (full 0):
 PSYoungGen      total 18944K, used 18912K [0x00000000eb300000, 0x00000000ec800000, 0x0000000100000000)
  eden space 16384K, 100% used [0x00000000eb300000,0x00000000ec300000,0x00000000ec300000)
  from space 2560K, 98% used [0x00000000ec580000,0x00000000ec7f8030,0x00000000ec800000)
  to   space 2560K, 0% used [0x00000000ec300000,0x00000000ec300000,0x00000000ec580000)
 ParOldGen       total 44032K, used 13731K [0x00000000c1800000, 0x00000000c4300000, 0x00000000eb300000)
  object space 44032K, 31% used [0x00000000c1800000,0x00000000c2568e58,0x00000000c4300000)
 Metaspace       used 19642K, capacity 19994K, committed 20096K, reserved 1067008K
  class space    used 2544K, capacity 2650K, committed 2688K, reserved 1048576K
Event: 8.358 GC heap after
Heap after GC invocations=3 (full 0):
 PSYoungGen      total 18944K, used 2545K [0x00000000eb300000, 0x00000000ed800000, 0x0000000100000000)
  eden space 16384K, 0% used [0x00000000eb300000,0x00000000eb300000,0x00000000ec300000)
  from space 2560K, 99% used [0x00000000ec300000,0x00000000ec57c720,0x00000000ec580000)
  to   space 2560K, 0% used [0x00000000ed580000,0x00000000ed580000,0x00000000ed800000)
 ParOldGen       total 44032K, used 16011K [0x00000000c1800000, 0x00000000c4300000, 0x00000000eb300000)
  object space 44032K, 36% used [0x00000000c1800000,0x00000000c27a2c38,0x00000000c4300000)
 Metaspace       used 19642K, capacity 19994K, committed 20096K, reserved 1067008K
  class space    used 2544K, capacity 2650K, committed 2688K, reserved 1048576K
}
Event: 9.169 GC heap before
{Heap before GC invocations=4 (full 0):
 PSYoungGen      total 18944K, used 8953K [0x00000000eb300000, 0x00000000ed800000, 0x0000000100000000)
  eden space 16384K, 39% used [0x00000000eb300000,0x00000000eb942040,0x00000000ec300000)
  from space 2560K, 99% used [0x00000000ec300000,0x00000000ec57c720,0x00000000ec580000)
  to   space 2560K, 0% used [0x00000000ed580000,0x00000000ed580000,0x00000000ed800000)
 ParOldGen       total 44032K, used 16011K [0x00000000c1800000, 0x00000000c4300000, 0x00000000eb300000)
  object space 44032K, 36% used [0x00000000c1800000,0x00000000c27a2c38,0x00000000c4300000)
 Metaspace       used 20882K, capacity 21186K, committed 21248K, reserved 1067008K
  class space    used 2719K, capacity 2812K, committed 2816K, reserved 1048576K
Event: 9.186 GC heap after
Heap after GC invocations=4 (full 0):
 PSYoungGen      total 35328K, used 2528K [0x00000000eb300000, 0x00000000ed800000, 0x0000000100000000)
  eden space 32768K, 0% used [0x00000000eb300000,0x00000000eb300000,0x00000000ed300000)
  from space 2560K, 98% used [0x00000000ed580000,0x00000000ed7f8030,0x00000000ed800000)
  to   space 2560K, 0% used [0x00000000ed300000,0x00000000ed300000,0x00000000ed580000)
 ParOldGen       total 44032K, used 17118K [0x00000000c1800000, 0x00000000c4300000, 0x00000000eb300000)
  object space 44032K, 38% used [0x00000000c1800000,0x00000000c28b7a10,0x00000000c4300000)
 Metaspace       used 20882K, capacity 21186K, committed 21248K, reserved 1067008K
  class space    used 2719K, capacity 2812K, committed 2816K, reserved 1048576K
}
Event: 9.186 GC heap before
{Heap before GC invocations=5 (full 1):
 PSYoungGen      total 35328K, used 2528K [0x00000000eb300000, 0x00000000ed800000, 0x0000000100000000)
  eden space 32768K, 0% used [0x00000000eb300000,0x00000000eb300000,0x00000000ed300000)
  from space 2560K, 98% used [0x00000000ed580000,0x00000000ed7f8030,0x00000000ed800000)
  to   space 2560K, 0% used [0x00000000ed300000,0x00000000ed300000,0x00000000ed580000)
 ParOldGen       total 44032K, used 17118K [0x00000000c1800000, 0x00000000c4300000, 0x00000000eb300000)
  object space 44032K, 38% used [0x00000000c1800000,0x00000000c28b7a10,0x00000000c4300000)
 Metaspace       used 20882K, capacity 21186K, committed 21248K, reserved 1067008K
  class space    used 2719K, capacity 2812K, committed 2816K, reserved 1048576K
Event: 9.300 GC heap after
Heap after GC invocations=5 (full 1):
 PSYoungGen      total 35328K, used 0K [0x00000000eb300000, 0x00000000ed800000, 0x0000000100000000)
  eden space 32768K, 0% used [0x00000000eb300000,0x00000000eb300000,0x00000000ed300000)
  from space 2560K, 0% used [0x00000000ed580000,0x00000000ed580000,0x00000000ed800000)
  to   space 2560K, 0% used [0x00000000ed300000,0x00000000ed300000,0x00000000ed580000)
 ParOldGen       total 48640K, used 10820K [0x00000000c1800000, 0x00000000c4780000, 0x00000000eb300000)
  object space 48640K, 22% used [0x00000000c1800000,0x00000000c2291340,0x00000000c4780000)
 Metaspace       used 20882K, capacity 21186K, committed 21248K, reserved 1067008K
  class space    used 2719K, capacity 2812K, committed 2816K, reserved 1048576K
}

Deoptimization events (10 events):
Event: 9.993 Thread 0x000000001776b000 Uncommon trap: reason=bimorphic action=maybe_recompile pc=0x00000000031fc0a8 method=javax.swing.UIDefaults.getFromHashtable(Ljava/lang/Object;)Ljava/lang/Object; @ 126
Event: 10.087 Thread 0x000000001776b000 Uncommon trap: reason=class_check action=maybe_recompile pc=0x0000000003579880 method=javax.swing.RepaintManager.addDirtyRegion0(Ljava/awt/Container;IIII)V @ 91
Event: 10.088 Thread 0x000000001776b000 Uncommon trap: reason=class_check action=maybe_recompile pc=0x0000000003579880 method=javax.swing.RepaintManager.addDirtyRegion0(Ljava/awt/Container;IIII)V @ 91
Event: 10.089 Thread 0x000000001776b000 Uncommon trap: reason=class_check action=maybe_recompile pc=0x0000000003575df4 method=javax.swing.RepaintManager.addDirtyRegion0(Ljava/awt/Container;IIII)V @ 91
Event: 10.089 Thread 0x000000001776b000 Uncommon trap: reason=class_check action=maybe_recompile pc=0x0000000003575df4 method=javax.swing.RepaintManager.addDirtyRegion0(Ljava/awt/Container;IIII)V @ 91
Event: 10.148 Thread 0x000000001776b000 Uncommon trap: reason=unstable_if action=reinterpret pc=0x00000000031690d0 method=java.util.HashMap.getNode(ILjava/lang/Object;)Ljava/util/HashMap$Node; @ 62
Event: 10.148 Thread 0x000000001776b000 Uncommon trap: reason=unstable_if action=reinterpret pc=0x000000000350bffc method=java.util.HashMap.putVal(ILjava/lang/Object;Ljava/lang/Object;ZZ)Ljava/lang/Object; @ 94
Event: 10.148 Thread 0x000000001776b000 Uncommon trap: reason=unstable_if action=reinterpret pc=0x0000000003162da0 method=java.util.HashMap.getNode(ILjava/lang/Object;)Ljava/util/HashMap$Node; @ 62
Event: 10.517 Thread 0x000000001776b000 Uncommon trap: reason=class_check action=maybe_recompile pc=0x0000000003579880 method=javax.swing.RepaintManager.addDirtyRegion0(Ljava/awt/Container;IIII)V @ 91
Event: 11.762 Thread 0x000000001776b000 Uncommon trap: reason=unstable_if action=reinterpret pc=0x0000000003653b44 method=sun.font.CMap$CMapFormat4.getGlyph(I)C @ 181

Internal exceptions (10 events):
Event: 2.739 Thread 0x000000001776b000 Exception <a 'java/security/PrivilegedActionException'> (0x00000000ebe5c0d0) thrown at [C:\re\workspace\8-2-build-windows-amd64-cygwin\jdk8u101\7261\hotspot\src\share\vm\prims\jvm.cpp, line 1386]
Event: 2.769 Thread 0x000000001776b000 Exception <a 'java/security/PrivilegedActionException'> (0x00000000ebecaab0) thrown at [C:\re\workspace\8-2-build-windows-amd64-cygwin\jdk8u101\7261\hotspot\src\share\vm\prims\jvm.cpp, line 1386]
Event: 2.769 Thread 0x000000001776b000 Exception <a 'java/security/PrivilegedActionException'> (0x00000000ebecaea8) thrown at [C:\re\workspace\8-2-build-windows-amd64-cygwin\jdk8u101\7261\hotspot\src\share\vm\prims\jvm.cpp, line 1386]
Event: 2.771 Thread 0x000000001776b000 Exception <a 'java/security/PrivilegedActionException'> (0x00000000ebed4b10) thrown at [C:\re\workspace\8-2-build-windows-amd64-cygwin\jdk8u101\7261\hotspot\src\share\vm\prims\jvm.cpp, line 1386]
Event: 2.771 Thread 0x000000001776b000 Exception <a 'java/security/PrivilegedActionException'> (0x00000000ebed4f08) thrown at [C:\re\workspace\8-2-build-windows-amd64-cygwin\jdk8u101\7261\hotspot\src\share\vm\prims\jvm.cpp, line 1386]
Event: 2.773 Thread 0x000000001776b000 Exception <a 'java/security/PrivilegedActionException'> (0x00000000ebedf6d0) thrown at [C:\re\workspace\8-2-build-windows-amd64-cygwin\jdk8u101\7261\hotspot\src\share\vm\prims\jvm.cpp, line 1386]
Event: 2.773 Thread 0x000000001776b000 Exception <a 'java/security/PrivilegedActionException'> (0x00000000ebedfac8) thrown at [C:\re\workspace\8-2-build-windows-amd64-cygwin\jdk8u101\7261\hotspot\src\share\vm\prims\jvm.cpp, line 1386]
Event: 2.774 Thread 0x000000001776b000 Exception <a 'java/security/PrivilegedActionException'> (0x00000000ebee9ec8) thrown at [C:\re\workspace\8-2-build-windows-amd64-cygwin\jdk8u101\7261\hotspot\src\share\vm\prims\jvm.cpp, line 1386]
Event: 2.775 Thread 0x000000001776b000 Exception <a 'java/security/PrivilegedActionException'> (0x00000000ebeea2c0) thrown at [C:\re\workspace\8-2-build-windows-amd64-cygwin\jdk8u101\7261\hotspot\src\share\vm\prims\jvm.cpp, line 1386]
Event: 8.597 Thread 0x000000001776b000 Exception <a 'sun/nio/fs/WindowsException'> (0x00000000eb438678) thrown at [C:\re\workspace\8-2-build-windows-amd64-cygwin\jdk8u101\7261\hotspot\src\share\vm\prims\jni.cpp, line 709]

Events (10 events):
Event: 10661.839 Executing VM operation: RedefineClasses
Event: 10664.980 Executing VM operation: RedefineClasses done
Event: 11025.609 Executing VM operation: RedefineClasses
Event: 11025.936 Executing VM operation: RedefineClasses done
Event: 11055.533 Executing VM operation: RedefineClasses
Event: 11055.826 Executing VM operation: RedefineClasses done
Event: 11091.026 Executing VM operation: RedefineClasses
Event: 11091.356 Executing VM operation: RedefineClasses done
Event: 11322.876 Executing VM operation: RedefineClasses
Event: 11323.238 Executing VM operation: RedefineClasses done


Dynamic libraries:
0x00007ff6f8c80000 - 0x00007ff6f8cb7000 	C:\Program Files\Java\jre1.8.0_101\bin\javaw.exe
0x00007ffaf14e0000 - 0x00007ffaf1689000 	C:\Windows\SYSTEM32\ntdll.dll
0x00007ffaf1200000 - 0x00007ffaf133a000 	C:\Windows\system32\KERNEL32.DLL
0x00007ffaeebb0000 - 0x00007ffaeecbf000 	C:\Windows\system32\KERNELBASE.dll
0x00007ffaf0eb0000 - 0x00007ffaf0f55000 	C:\Windows\system32\ADVAPI32.dll
0x00007ffaf1080000 - 0x00007ffaf11f1000 	C:\Windows\system32\USER32.dll
0x00007ffaeca50000 - 0x00007ffaeccaa000 	C:\Windows\WinSxS\amd64_microsoft.windows.common-controls_6595b64144ccf1df_6.0.9600.16384_none_62475f7becb72503\COMCTL32.dll
0x00007ffaeef50000 - 0x00007ffaeeff7000 	C:\Windows\system32\msvcrt.dll
0x00007ffaf0e50000 - 0x00007ffaf0ea7000 	C:\Windows\SYSTEM32\sechost.dll
0x00007ffaef6e0000 - 0x00007ffaef816000 	C:\Windows\system32\RPCRT4.dll
0x00007ffaef060000 - 0x00007ffaef1a5000 	C:\Windows\system32\GDI32.dll
0x00007ffaef380000 - 0x00007ffaef3b4000 	C:\Windows\system32\IMM32.DLL
0x00007ffaef240000 - 0x00007ffaef379000 	C:\Windows\system32\MSCTF.dll
0x0000000050700000 - 0x00000000507d2000 	C:\Program Files\Java\jre1.8.0_101\bin\msvcr100.dll
0x0000000050c20000 - 0x00000000514ba000 	C:\Program Files\Java\jre1.8.0_101\bin\server\jvm.dll
0x00007ffae56a0000 - 0x00007ffae56a9000 	C:\Windows\SYSTEM32\WSOCK32.dll
0x00007ffae66c0000 - 0x00007ffae66df000 	C:\Windows\SYSTEM32\WINMM.dll
0x00007ffae5650000 - 0x00007ffae565a000 	C:\Windows\SYSTEM32\VERSION.dll
0x00007ffaef1b0000 - 0x00007ffaef1b7000 	C:\Windows\system32\PSAPI.DLL
0x00007ffaef670000 - 0x00007ffaef6c8000 	C:\Windows\system32\WS2_32.dll
0x00007ffae6690000 - 0x00007ffae66ba000 	C:\Windows\SYSTEM32\WINMMBASE.dll
0x00007ffaef650000 - 0x00007ffaef659000 	C:\Windows\system32\NSI.dll
0x00007ffaeeb60000 - 0x00007ffaeebaa000 	C:\Windows\SYSTEM32\cfgmgr32.dll
0x00007ffaed710000 - 0x00007ffaed736000 	C:\Windows\SYSTEM32\DEVOBJ.dll
0x0000000050b30000 - 0x0000000050b3f000 	C:\Program Files\Java\jre1.8.0_101\bin\verify.dll
0x0000000050b00000 - 0x0000000050b29000 	C:\Program Files\Java\jre1.8.0_101\bin\java.dll
0x00000000506c0000 - 0x00000000506f5000 	C:\Program Files\Java\jre1.8.0_101\bin\jdwp.dll
0x00000000506b0000 - 0x00000000506b8000 	C:\Program Files\Java\jre1.8.0_101\bin\npt.dll
0x0000000050ae0000 - 0x0000000050af6000 	C:\Program Files\Java\jre1.8.0_101\bin\zip.dll
0x00007ffaefa40000 - 0x00007ffaf0e4e000 	C:\Windows\system32\SHELL32.dll
0x00007ffaeed70000 - 0x00007ffaeef47000 	C:\Windows\SYSTEM32\combase.dll
0x00007ffaef1c0000 - 0x00007ffaef211000 	C:\Windows\system32\SHLWAPI.dll
0x00007ffaed150000 - 0x00007ffaed1f1000 	C:\Windows\SYSTEM32\SHCORE.dll
0x00007ffaee860000 - 0x00007ffaee874000 	C:\Windows\SYSTEM32\profapi.dll
0x00000000506a0000 - 0x00000000506a9000 	C:\Program Files\Java\jre1.8.0_101\bin\dt_socket.dll
0x00007ffae0580000 - 0x00007ffae0594000 	C:\Windows\system32\napinsp.dll
0x00007ffae0560000 - 0x00007ffae0579000 	C:\Windows\system32\pnrpnsp.dll
0x00007ffaec060000 - 0x00007ffaec079000 	C:\Windows\system32\NLAapi.dll
0x00007ffaee0c0000 - 0x00007ffaee118000 	C:\Windows\System32\mswsock.dll
0x00007ffaeded0000 - 0x00007ffaedf73000 	C:\Windows\SYSTEM32\DNSAPI.dll
0x00007ffae0550000 - 0x00007ffae055c000 	C:\Windows\System32\winrnr.dll
0x00007ffae0530000 - 0x00007ffae0543000 	C:\Windows\system32\wshbth.dll
0x00007ffaeaf40000 - 0x00007ffaeafa7000 	C:\Windows\System32\fwpuclnt.dll
0x00007ffae7940000 - 0x00007ffae7949000 	C:\Windows\System32\rasadhlp.dll
0x00000000508c0000 - 0x0000000050a58000 	C:\Program Files\Java\jre1.8.0_101\bin\awt.dll
0x00007ffaf0fc0000 - 0x00007ffaf1077000 	C:\Windows\system32\OLEAUT32.dll
0x00007ffaed490000 - 0x00007ffaed51b000 	C:\Windows\system32\apphelp.dll
0x00007ffaed540000 - 0x00007ffaed662000 	C:\Windows\system32\uxtheme.dll
0x00007ffaeccb0000 - 0x00007ffaeccd1000 	C:\Windows\system32\dwmapi.dll
0x00007ffaef820000 - 0x00007ffaef995000 	C:\Windows\system32\ole32.dll
0x00007ffaed520000 - 0x00007ffaed52a000 	C:\Windows\SYSTEM32\kernel.appcore.dll
0x00007ffaee6d0000 - 0x00007ffaee6da000 	C:\Windows\SYSTEM32\CRYPTBASE.dll
0x00007ffaee670000 - 0x00007ffaee6ce000 	C:\Windows\SYSTEM32\bcryptPrimitives.dll
0x0000000050870000 - 0x00000000508b7000 	C:\Program Files\Java\jre1.8.0_101\bin\fontmanager.dll
0x0000000050ac0000 - 0x0000000050ada000 	C:\Program Files\Java\jre1.8.0_101\bin\net.dll
0x0000000050aa0000 - 0x0000000050ab1000 	C:\Program Files\Java\jre1.8.0_101\bin\nio.dll
0x0000000050820000 - 0x0000000050862000 	C:\Program Files\Java\jre1.8.0_101\bin\t2k.dll
0x00007ffaef5a0000 - 0x00007ffaef644000 	C:\Windows\SYSTEM32\clbcatq.dll
0x00007ffaec5b0000 - 0x00007ffaec743000 	C:\Windows\SYSTEM32\WindowsCodecs.dll
0x00007ffaee120000 - 0x00007ffaee13e000 	C:\Windows\SYSTEM32\CRYPTSP.dll
0x00007ffaedd60000 - 0x00007ffaedd95000 	C:\Windows\system32\rsaenh.dll
0x00007ffaee350000 - 0x00007ffaee376000 	C:\Windows\SYSTEM32\bcrypt.dll
0x00007ffaede70000 - 0x00007ffaede8f000 	C:\Windows\SYSTEM32\USERENV.dll
0x00007ffaeb760000 - 0x00007ffaeb789000 	C:\Windows\SYSTEM32\IPHLPAPI.DLL
0x00007ffaeb750000 - 0x00007ffaeb75a000 	C:\Windows\SYSTEM32\WINNSI.DLL
0x00007ffaeaef0000 - 0x00007ffaeaf04000 	C:\Windows\SYSTEM32\dhcpcsvc6.DLL
0x00007ffaeaed0000 - 0x00007ffaeaee9000 	C:\Windows\SYSTEM32\dhcpcsvc.DLL
0x00007ffad09f0000 - 0x00007ffad0b78000 	C:\Windows\SYSTEM32\dbghelp.dll

VM Arguments:
jvm_args: -agentlib:jdwp=transport=dt_socket,suspend=y,address=localhost:49421 -Dfile.encoding=Cp1252 
java_command: Pages.ReportBank
java_class_path (initial): J:\Project\Eclipse\Bank\bin;D:\Soft\Comp Lag Soft\JAVA\Jar Files\Face\Animation Class (Version 1,5)\AnimatonClass.jar;D:\Soft\Comp Lag Soft\JAVA\Jar Files\Controals\DateChooserDemo.jar;D:\Soft\Comp Lag Soft\JAVA\Jar Files\Controals\jcalendar-1.4.jar;D:\Soft\Comp Lag Soft\JAVA\Jar Files\Controals\jdatepicker-1.3.2.jar;D:\Soft\Comp Lag Soft\JAVA\Jar Files\Controals\jgoodies-forms-1.8.0.jar;D:\Soft\Comp Lag Soft\JAVA\Jar Files\Controals\jgoodies-forms-1.8.0-sources.jar;D:\Soft\Comp Lag Soft\JAVA\Jar Files\Controals\miglayout15-swing.jar;D:\Soft\Comp Lag Soft\JAVA\Jar Files\Database\classes12.jar;D:\Soft\Comp Lag Soft\JAVA\Jar Files\Database\com.mysql.jdbc_5.1.5.jar;D:\Soft\Comp Lag Soft\JAVA\Jar Files\Database\ojdbc14-1.0.jar;D:\Soft\Comp Lag Soft\JAVA\Jar Files\Repot\jasperreports-6.2.0-project (2)\jasperreports-6.2.0\dist\jasperreports-6.2.0.jar;D:\Soft\Comp Lag Soft\JAVA\Jar Files\Repot\jasperreports-6.2.0-project (2)\jasperreports-6.2.0\dist\jasperreports-fonts-6.2.0.jar;D:\Soft\Comp Lag Soft\JAVA\Jar Files\Repot\jasperreports-6.2.0-project (2)\jasperreports-6.2.0\dist\jasperreports-javaflow-6.2.0.jar;D:\Soft\Comp Lag Soft\JAVA\Jar Files\Repot\jasperreports-6.2.0-project (2)\jasperreports-6.2.0\lib\ant-1.7.1.jar;D:\Soft\Comp Lag Soft\JAVA\Jar Files\Repot\jasperreports-6.2.0-project (2)\jasperreports-6.2.0\lib\antlr-2.7.5.jar;D:\Soft\Comp Lag Soft\JAVA\Jar Files\Repot\jasperreports-6.2.0-project (2)\jasperreports-6.2.0\lib\barbecue-1.5-beta1.jar;D:\Soft\Comp Lag Soft\JAVA\Jar Files\Repot\jasperreports-6.2.0-project (2)\jasperreports-6.2.0\lib\barcode4j-2.1.jar;D:\Soft\Comp Lag Soft\JAVA\Jar Files\Repot\jasperreports-6.2.0-project (2)\jasperreports-6.2.0\lib\batik-anim.jar;D:\Soft\Comp Lag Soft\JAVA\Jar Files\Repot\jasperreports-6.2.0-project (2)\jasperreports-6.2.0\lib\batik-awt-util.jar;D:\Soft\Comp Lag Soft\JAVA\Jar Files\Repot\jasperreports-6.2.0-project (2)\jasperreports-6.2.0\lib\batik-bridge.jar;D:\Soft\Comp Lag Soft\JAVA\Jar Files
Launcher Type: SUN_STANDARD

Environment Variables:
PATH=C:/Program Files/Java/jre1.8.0_101/bin/server;C:/Program Files/Java/jre1.8.0_101/bin;C:/Program Files/Java/jre1.8.0_101/lib/amd64;C:\oraclexe\app\oracle\product\10.2.0\server\bin;C:\ProgramData\Oracle\Java\javapath;C:\Windows\system32;C:\Windows;C:\Windows\System32\Wbem;C:\Windows\System32\WindowsPowerShell\v1.0\;C:\Program Files (x86)\MySQL\MySQL Server 5.5\bin;C:\Program Files\Intel\WiFi\bin\;C:\Program Files\Common Files\Intel\WirelessCommon\;C:\Program Files (x86)\ATI Technologies\ATI.ACE\Core-Static;C:\Program Files (x86)\Common Files\lenovo\easyplussdk\bin;C:\Program Files\MySQL\MySQL Utilities 1.6\;C:\Program Files\Java\jdk1.8.0_101\bin;D:\Soft\Comp Lag Soft\JAVA\Eclipse\eclipse-jee-mars-2-win32-x86_64\eclipse;
USERNAME=appasaheb
OS=Windows_NT
PROCESSOR_IDENTIFIER=Intel64 Family 6 Model 69 Stepping 1, GenuineIntel



---------------  S Y S T E M  ---------------

OS: Windows 8.1 , 64 bit Build 9600 (6.3.9600.16384)

CPU:total 4 (2 cores per cpu, 2 threads per core) family 6 model 69 stepping 1, cmov, cx8, fxsr, mmx, sse, sse2, sse3, ssse3, sse4.1, sse4.2, popcnt, avx, avx2, aes, clmul, erms, lzcnt, ht, tsc, tscinvbit, bmi1, bmi2

Memory: 4k page, physical 4088172k(1182896k free), swap 9986540k(2613808k free)

vm_info: Java HotSpot(TM) 64-Bit Server VM (25.101-b13) for windows-amd64 JRE (1.8.0_101-b13), built on Jun 22 2016 01:21:29 by "java_re" with MS VC++ 10.0 (VS2010)

time: Thu Oct 13 14:52:36 2016
elapsed time: 11868 seconds (0d 3h 17m 48s)

