#
# A fatal error has been detected by the Java Runtime Environment:
#
#  EXCEPTION_ACCESS_VIOLATION (0xc0000005) at pc=0x0000000050d4a0a5, pid=5780, tid=0x00000000000016e8
#
# JRE version: Java(TM) SE Runtime Environment (8.0_101-b13) (build 1.8.0_101-b13)
# Java VM: Java HotSpot(TM) 64-Bit Server VM (25.101-b13 mixed mode windows-amd64 compressed oops)
# Problematic frame:
# V  [jvm.dll+0x12a0a5]
#
# Failed to write core dump. Minidumps are not enabled by default on client versions of Windows
#
# If you would like to submit a bug report, please visit:
#   http://bugreport.java.com/bugreport/crash.jsp
#

---------------  T H R E A D  ---------------

Current thread (0x00000000154ee000):  JavaThread "JDWP Transport Listener: dt_socket" daemon [_thread_in_vm, id=5864, stack(0x0000000016d10000,0x0000000016e10000)]

siginfo: ExceptionCode=0xc0000005, reading address 0x0000000000000008

Registers:
RAX=0x0000000016e0f601, RBX=0x00000000154ee000, RCX=0x0000000000000008, RDX=0x0000000000000000
RSP=0x0000000016e0f5c0, RBP=0x0000000000000008, RSI=0x0000000016e0f6d8, RDI=0x0000000002de81c0
R8 =0x00000000154ee000, R9 =0x00000000174b1e00, R10=0x00007ffaf14e0000, R11=0x0000000016e0f882
R12=0x0000000000000000, R13=0x00000000154f71e8, R14=0x0000000000000000, R15=0x0000000000000000
RIP=0x0000000050d4a0a5, EFLAGS=0x0000000000010202

Top of Stack: (sp=0x0000000016e0f5c0)
0x0000000016e0f5c0:   00000000154ee000 00000000154ee000
0x0000000016e0f5d0:   0000000016e0f688 0000000050f52f0b
0x0000000016e0f5e0:   00000000154ee000 0000000050f6f76d
0x0000000016e0f5f0:   0000000000000000 00000000506d9155
0x0000000016e0f600:   0000000019a76110 00000000506e291e
0x0000000016e0f610:   00000000154ee000 0000000000000000
0x0000000016e0f620:   0000000000000000 0000000000000000
0x0000000016e0f630:   0000000000000008 00000000506e1a15
0x0000000016e0f640:   0000000016e0f6d8 0000000016e0f6b0
0x0000000016e0f650:   0000000000000001 0000000019a76110
0x0000000016e0f660:   0000000000000008 00000000506c53b3
0x0000000016e0f670:   0000000016e0f7a0 0000000000000001
0x0000000016e0f680:   0000000000000001 0000000019a76110
0x0000000016e0f690:   0000000000000001 0000000000000000
0x0000000016e0f6a0:   0000000000000000 0000000000000000
0x0000000016e0f6b0:   0000000000000001 00000000506c5571 

Instructions: (pc=0x0000000050d4a0a5)
0x0000000050d4a085:   cc cc cc cc cc cc cc cc cc cc cc 48 83 ec 28 48
0x0000000050d4a095:   85 c9 75 07 33 c0 48 83 c4 28 c3 48 89 5c 24 20
0x0000000050d4a0a5:   48 8b 19 48 85 db 74 20 48 83 fb 37 74 1a 48 8b
0x0000000050d4a0b5:   13 48 8b cb ff 52 10 84 c0 74 0d 48 8b c3 48 8b 


Register to memory mapping:

RAX=0x0000000016e0f601 is pointing into the stack for thread: 0x00000000154ee000
RBX=0x00000000154ee000 is a thread
RCX=0x0000000000000008 is an unknown value
RDX=0x0000000000000000 is an unknown value
RSP=0x0000000016e0f5c0 is pointing into the stack for thread: 0x00000000154ee000
RBP=0x0000000000000008 is an unknown value
RSI=0x0000000016e0f6d8 is pointing into the stack for thread: 0x00000000154ee000
RDI=0x0000000002de81c0 is an unknown value
R8 =0x00000000154ee000 is a thread
R9 =0x00000000174b1e00 is an unknown value
R10=0x00007ffaf14e0000 is an unknown value
R11=0x0000000016e0f882 is pointing into the stack for thread: 0x00000000154ee000
R12=0x0000000000000000 is an unknown value
R13=0x00000000154f71e8 is an unknown value
R14=0x0000000000000000 is an unknown value
R15=0x0000000000000000 is an unknown value


Stack: [0x0000000016d10000,0x0000000016e10000],  sp=0x0000000016e0f5c0,  free space=1021k
Native frames: (J=compiled Java code, j=interpreted, Vv=VM code, C=native code)
V  [jvm.dll+0x12a0a5]
V  [jvm.dll+0x34f76d]
C  [jdwp.dll+0x21a15]
C  [jdwp.dll+0x53b3]
C  [jdwp.dll+0x5571]
C  [jdwp.dll+0xf0a8]
C  [jdwp.dll+0x1f2d5]
C  [jdwp.dll+0x1f4aa]
V  [jvm.dll+0x1bd258]
V  [jvm.dll+0x2451a4]
V  [jvm.dll+0x29c18a]
C  [msvcr100.dll+0x21d9f]
C  [msvcr100.dll+0x21e3b]
C  [KERNEL32.DLL+0x1611]
C  [ntdll.dll+0x764ad]


---------------  P R O C E S S  ---------------

Java Threads: ( => current thread )
  0x0000000019468000 JavaThread "MySQL Statement Cancellation Timer" daemon [_thread_blocked, id=5932, stack(0x000000001a3c0000,0x000000001a4c0000)]
  0x0000000017e15000 JavaThread "TimerQueue" daemon [_thread_blocked, id=5924, stack(0x0000000018ff0000,0x00000000190f0000)]
  0x0000000002df5000 JavaThread "DestroyJavaVM" [_thread_blocked, id=5804, stack(0x0000000002bf0000,0x0000000002cf0000)]
  0x0000000017d53000 JavaThread "AWT-EventQueue-0" [_thread_blocked, id=5920, stack(0x00000000188e0000,0x00000000189e0000)]
  0x0000000017d4b800 JavaThread "AWT-Windows" daemon [_thread_in_native, id=5916, stack(0x00000000186f0000,0x00000000187f0000)]
  0x0000000017d48000 JavaThread "AWT-Shutdown" [_thread_blocked, id=5912, stack(0x00000000185f0000,0x00000000186f0000)]
  0x0000000017d45000 JavaThread "Java2D Disposer" daemon [_thread_blocked, id=5908, stack(0x00000000184f0000,0x00000000185f0000)]
  0x0000000017360800 JavaThread "Service Thread" daemon [_thread_blocked, id=5900, stack(0x0000000017710000,0x0000000017810000)]
  0x000000001550f000 JavaThread "C1 CompilerThread2" daemon [_thread_blocked, id=5896, stack(0x0000000017210000,0x0000000017310000)]
  0x000000001550d800 JavaThread "C2 CompilerThread1" daemon [_thread_blocked, id=5892, stack(0x0000000017110000,0x0000000017210000)]
  0x0000000015509000 JavaThread "C2 CompilerThread0" daemon [_thread_blocked, id=5888, stack(0x0000000017010000,0x0000000017110000)]
  0x00000000154fe000 JavaThread "JDWP Command Reader" daemon [_thread_in_native, id=5880, stack(0x0000000016f10000,0x0000000017010000)]
  0x00000000154fc000 JavaThread "JDWP Event Helper Thread" daemon [_thread_blocked, id=5876, stack(0x0000000016e10000,0x0000000016f10000)]
=>0x00000000154ee000 JavaThread "JDWP Transport Listener: dt_socket" daemon [_thread_in_vm, id=5864, stack(0x0000000016d10000,0x0000000016e10000)]
  0x00000000154e1000 JavaThread "Attach Listener" daemon [_thread_blocked, id=5852, stack(0x0000000016930000,0x0000000016a30000)]
  0x00000000154df800 JavaThread "Signal Dispatcher" daemon [_thread_blocked, id=5848, stack(0x0000000016830000,0x0000000016930000)]
  0x00000000154ca000 JavaThread "Finalizer" daemon [_thread_blocked, id=5844, stack(0x0000000016730000,0x0000000016830000)]
  0x0000000002ee4000 JavaThread "Reference Handler" daemon [_thread_blocked, id=5840, stack(0x0000000016630000,0x0000000016730000)]

Other Threads:
  0x00000000154a7000 VMThread [stack: 0x0000000016530000,0x0000000016630000] [id=5828]
  0x0000000017381800 WatcherThread [stack: 0x0000000017810000,0x0000000017910000] [id=5904]

VM state:not at safepoint (normal execution)

VM Mutex/Monitor currently owned by a thread: None

Heap:
 PSYoungGen      total 35328K, used 15320K [0x00000000eb300000, 0x00000000ed800000, 0x0000000100000000)
  eden space 32768K, 46% used [0x00000000eb300000,0x00000000ec1f6008,0x00000000ed300000)
  from space 2560K, 0% used [0x00000000ed580000,0x00000000ed580000,0x00000000ed800000)
  to   space 2560K, 0% used [0x00000000ed300000,0x00000000ed300000,0x00000000ed580000)
 ParOldGen       total 42496K, used 10389K [0x00000000c1800000, 0x00000000c4180000, 0x00000000eb300000)
  object space 42496K, 24% used [0x00000000c1800000,0x00000000c2225550,0x00000000c4180000)
 Metaspace       used 23810K, capacity 24202K, committed 24368K, reserved 1071104K
  class space    used 3135K, capacity 3262K, committed 3376K, reserved 1048576K

Card table byte_map: [0x00000000122b0000,0x00000000124b0000] byte_map_base: 0x0000000011ca4000

Marking Bits: (ParMarkBitMap*) 0x000000005143a6d0
 Begin Bits: [0x0000000012a00000, 0x00000000139a0000)
 End Bits:   [0x00000000139a0000, 0x0000000014940000)

Polling page: 0x0000000001200000

CodeCache: size=245760Kb used=6739Kb max_used=6764Kb free=239021Kb
 bounds [0x0000000002ef0000, 0x00000000035a0000, 0x0000000011ef0000]
 total_blobs=2624 nmethods=2033 adapters=510
 compilation: enabled

Compilation events (10 events):
Event: 11.838 Thread 0x000000001550f000 2163       3       java.awt.Rectangle::setBounds (21 bytes)
Event: 11.839 Thread 0x000000001550f000 nmethod 2163 0x000000000358a490 code [0x000000000358a600, 0x000000000358a930]
Event: 11.839 Thread 0x000000001550f000 2164       3       sun.java2d.SunGraphics2D::setRenderingHint (555 bytes)
Event: 11.846 Thread 0x000000001550f000 nmethod 2164 0x000000000358aa50 code [0x000000000358ada0, 0x000000000358cf48]
Event: 8192.962 Thread 0x000000001550f000 2165       3       sun.invoke.util.VerifyAccess::isTypeVisible (118 bytes)
Event: 8214.803 Thread 0x000000001550f000 nmethod 2165 0x000000000358da90 code [0x000000000358dde0, 0x000000000358fdb8]
Event: 8216.595 Thread 0x000000001550f000 2167       3       jdk.internal.org.objectweb.asm.MethodWriter::visitAnnotation (82 bytes)
Event: 8217.855 Thread 0x000000001550f000 nmethod 2167 0x0000000002ffe3d0 code [0x0000000002ffe5a0, 0x0000000002ffec78]
Event: 8221.439 Thread 0x000000001550f000 2168       3       jdk.internal.org.objectweb.asm.ClassWriter::newClassItem (70 bytes)
Event: 8221.540 Thread 0x000000001550f000 nmethod 2168 0x00000000030786d0 code [0x0000000003078880, 0x0000000003078cb8]

GC Heap History (10 events):
Event: 3.128 GC heap before
{Heap before GC invocations=1 (full 0):
 PSYoungGen      total 18944K, used 16384K [0x00000000eb300000, 0x00000000ec800000, 0x0000000100000000)
  eden space 16384K, 100% used [0x00000000eb300000,0x00000000ec300000,0x00000000ec300000)
  from space 2560K, 0% used [0x00000000ec580000,0x00000000ec580000,0x00000000ec800000)
  to   space 2560K, 0% used [0x00000000ec300000,0x00000000ec300000,0x00000000ec580000)
 ParOldGen       total 44032K, used 0K [0x00000000c1800000, 0x00000000c4300000, 0x00000000eb300000)
  object space 44032K, 0% used [0x00000000c1800000,0x00000000c1800000,0x00000000c4300000)
 Metaspace       used 14135K, capacity 14302K, committed 14464K, reserved 1062912K
  class space    used 1792K, capacity 1867K, committed 1920K, reserved 1048576K
Event: 3.146 GC heap after
Heap after GC invocations=1 (full 0):
 PSYoungGen      total 18944K, used 2528K [0x00000000eb300000, 0x00000000ec800000, 0x0000000100000000)
  eden space 16384K, 0% used [0x00000000eb300000,0x00000000eb300000,0x00000000ec300000)
  from space 2560K, 98% used [0x00000000ec300000,0x00000000ec578040,0x00000000ec580000)
  to   space 2560K, 0% used [0x00000000ec580000,0x00000000ec580000,0x00000000ec800000)
 ParOldGen       total 44032K, used 1744K [0x00000000c1800000, 0x00000000c4300000, 0x00000000eb300000)
  object space 44032K, 3% used [0x00000000c1800000,0x00000000c19b4038,0x00000000c4300000)
 Metaspace       used 14135K, capacity 14302K, committed 14464K, reserved 1062912K
  class space    used 1792K, capacity 1867K, committed 1920K, reserved 1048576K
}
Event: 7.437 GC heap before
{Heap before GC invocations=2 (full 0):
 PSYoungGen      total 18944K, used 18912K [0x00000000eb300000, 0x00000000ec800000, 0x0000000100000000)
  eden space 16384K, 100% used [0x00000000eb300000,0x00000000ec300000,0x00000000ec300000)
  from space 2560K, 98% used [0x00000000ec300000,0x00000000ec578040,0x00000000ec580000)
  to   space 2560K, 0% used [0x00000000ec580000,0x00000000ec580000,0x00000000ec800000)
 ParOldGen       total 44032K, used 1744K [0x00000000c1800000, 0x00000000c4300000, 0x00000000eb300000)
  object space 44032K, 3% used [0x00000000c1800000,0x00000000c19b4038,0x00000000c4300000)
 Metaspace       used 17452K, capacity 17792K, committed 18048K, reserved 1064960K
  class space    used 2219K, capacity 2326K, committed 2432K, reserved 1048576K
Event: 7.464 GC heap after
Heap after GC invocations=2 (full 0):
 PSYoungGen      total 18944K, used 2545K [0x00000000eb300000, 0x00000000ec800000, 0x0000000100000000)
  eden space 16384K, 0% used [0x00000000eb300000,0x00000000eb300000,0x00000000ec300000)
  from space 2560K, 99% used [0x00000000ec580000,0x00000000ec7fc730,0x00000000ec800000)
  to   space 2560K, 0% used [0x00000000ec300000,0x00000000ec300000,0x00000000ec580000)
 ParOldGen       total 44032K, used 7367K [0x00000000c1800000, 0x00000000c4300000, 0x00000000eb300000)
  object space 44032K, 16% used [0x00000000c1800000,0x00000000c1f31ec8,0x00000000c4300000)
 Metaspace       used 17452K, capacity 17792K, committed 18048K, reserved 1064960K
  class space    used 2219K, capacity 2326K, committed 2432K, reserved 1048576K
}
Event: 8.279 GC heap before
{Heap before GC invocations=3 (full 0):
 PSYoungGen      total 18944K, used 18929K [0x00000000eb300000, 0x00000000ec800000, 0x0000000100000000)
  eden space 16384K, 100% used [0x00000000eb300000,0x00000000ec300000,0x00000000ec300000)
  from space 2560K, 99% used [0x00000000ec580000,0x00000000ec7fc730,0x00000000ec800000)
  to   space 2560K, 0% used [0x00000000ec300000,0x00000000ec300000,0x00000000ec580000)
 ParOldGen       total 44032K, used 7367K [0x00000000c1800000, 0x00000000c4300000, 0x00000000eb300000)
  object space 44032K, 16% used [0x00000000c1800000,0x00000000c1f31ec8,0x00000000c4300000)
 Metaspace       used 19650K, capacity 19994K, committed 20096K, reserved 1067008K
  class space    used 2550K, capacity 2650K, committed 2688K, reserved 1048576K
Event: 8.295 GC heap after
Heap after GC invocations=3 (full 0):
 PSYoungGen      total 18944K, used 2528K [0x00000000eb300000, 0x00000000ed800000, 0x0000000100000000)
  eden space 16384K, 0% used [0x00000000eb300000,0x00000000eb300000,0x00000000ec300000)
  from space 2560K, 98% used [0x00000000ec300000,0x00000000ec578030,0x00000000ec580000)
  to   space 2560K, 0% used [0x00000000ed580000,0x00000000ed580000,0x00000000ed800000)
 ParOldGen       total 44032K, used 9659K [0x00000000c1800000, 0x00000000c4300000, 0x00000000eb300000)
  object space 44032K, 21% used [0x00000000c1800000,0x00000000c216ef80,0x00000000c4300000)
 Metaspace       used 19650K, capacity 19994K, committed 20096K, reserved 1067008K
  class space    used 2550K, capacity 2650K, committed 2688K, reserved 1048576K
}
Event: 9.129 GC heap before
{Heap before GC invocations=4 (full 0):
 PSYoungGen      total 18944K, used 9171K [0x00000000eb300000, 0x00000000ed800000, 0x0000000100000000)
  eden space 16384K, 40% used [0x00000000eb300000,0x00000000eb97cec8,0x00000000ec300000)
  from space 2560K, 98% used [0x00000000ec300000,0x00000000ec578030,0x00000000ec580000)
  to   space 2560K, 0% used [0x00000000ed580000,0x00000000ed580000,0x00000000ed800000)
 ParOldGen       total 44032K, used 9659K [0x00000000c1800000, 0x00000000c4300000, 0x00000000eb300000)
  object space 44032K, 21% used [0x00000000c1800000,0x00000000c216ef80,0x00000000c4300000)
 Metaspace       used 20899K, capacity 21218K, committed 21296K, reserved 1067008K
  class space    used 2727K, capacity 2844K, committed 2864K, reserved 1048576K
Event: 9.145 GC heap after
Heap after GC invocations=4 (full 0):
 PSYoungGen      total 35328K, used 2528K [0x00000000eb300000, 0x00000000ed800000, 0x0000000100000000)
  eden space 32768K, 0% used [0x00000000eb300000,0x00000000eb300000,0x00000000ed300000)
  from space 2560K, 98% used [0x00000000ed580000,0x00000000ed7f8030,0x00000000ed800000)
  to   space 2560K, 0% used [0x00000000ed300000,0x00000000ed300000,0x00000000ed580000)
 ParOldGen       total 44032K, used 10719K [0x00000000c1800000, 0x00000000c4300000, 0x00000000eb300000)
  object space 44032K, 24% used [0x00000000c1800000,0x00000000c2277cd0,0x00000000c4300000)
 Metaspace       used 20899K, capacity 21218K, committed 21296K, reserved 1067008K
  class space    used 2727K, capacity 2844K, committed 2864K, reserved 1048576K
}
Event: 9.145 GC heap before
{Heap before GC invocations=5 (full 1):
 PSYoungGen      total 35328K, used 2528K [0x00000000eb300000, 0x00000000ed800000, 0x0000000100000000)
  eden space 32768K, 0% used [0x00000000eb300000,0x00000000eb300000,0x00000000ed300000)
  from space 2560K, 98% used [0x00000000ed580000,0x00000000ed7f8030,0x00000000ed800000)
  to   space 2560K, 0% used [0x00000000ed300000,0x00000000ed300000,0x00000000ed580000)
 ParOldGen       total 44032K, used 10719K [0x00000000c1800000, 0x00000000c4300000, 0x00000000eb300000)
  object space 44032K, 24% used [0x00000000c1800000,0x00000000c2277cd0,0x00000000c4300000)
 Metaspace       used 20899K, capacity 21218K, committed 21296K, reserved 1067008K
  class space    used 2727K, capacity 2844K, committed 2864K, reserved 1048576K
Event: 9.271 GC heap after
Heap after GC invocations=5 (full 1):
 PSYoungGen      total 35328K, used 0K [0x00000000eb300000, 0x00000000ed800000, 0x0000000100000000)
  eden space 32768K, 0% used [0x00000000eb300000,0x00000000eb300000,0x00000000ed300000)
  from space 2560K, 0% used [0x00000000ed580000,0x00000000ed580000,0x00000000ed800000)
  to   space 2560K, 0% used [0x00000000ed300000,0x00000000ed300000,0x00000000ed580000)
 ParOldGen       total 42496K, used 10389K [0x00000000c1800000, 0x00000000c4180000, 0x00000000eb300000)
  object space 42496K, 24% used [0x00000000c1800000,0x00000000c2225550,0x00000000c4180000)
 Metaspace       used 20899K, capacity 21218K, committed 21296K, reserved 1067008K
  class space    used 2727K, capacity 2844K, committed 2864K, reserved 1048576K
}

Deoptimization events (10 events):
Event: 8.244 Thread 0x0000000017d53000 Uncommon trap: reason=unstable_if action=reinterpret pc=0x000000000343eb84 method=sun.net.www.ParseUtil.encodePath(Ljava/lang/String;Z)Ljava/lang/String; @ 145
Event: 8.364 Thread 0x0000000017d53000 Uncommon trap: reason=class_check action=maybe_recompile pc=0x00000000032a48d4 method=java.util.HashMap.putVal(ILjava/lang/Object;Ljava/lang/Object;ZZ)Ljava/lang/Object; @ 253
Event: 8.364 Thread 0x0000000017d53000 Uncommon trap: reason=class_check action=maybe_recompile pc=0x00000000032a48d4 method=java.util.HashMap.putVal(ILjava/lang/Object;Ljava/lang/Object;ZZ)Ljava/lang/Object; @ 253
Event: 8.519 Thread 0x0000000017d53000 Uncommon trap: reason=unstable_if action=reinterpret pc=0x000000000345d69c method=java.io.WinNTFileSystem.normalize(Ljava/lang/String;)Ljava/lang/String; @ 128
Event: 8.997 Thread 0x0000000017d53000 Uncommon trap: reason=bimorphic action=maybe_recompile pc=0x000000000348be04 method=java.util.HashMap.putVal(ILjava/lang/Object;Ljava/lang/Object;ZZ)Ljava/lang/Object; @ 203
Event: 9.305 Thread 0x0000000017d53000 Uncommon trap: reason=unstable_if action=reinterpret pc=0x00000000032a5890 method=java.util.StringTokenizer.scanToken(I)I @ 96
Event: 9.309 Thread 0x0000000017d53000 Uncommon trap: reason=unstable_if action=reinterpret pc=0x00000000033b2298 method=sun.misc.MetaIndex.mayContain(Ljava/lang/String;)Z @ 38
Event: 9.829 Thread 0x0000000017d53000 Uncommon trap: reason=unstable_if action=reinterpret pc=0x00000000030f9494 method=java.util.HashMap.getNode(ILjava/lang/Object;)Ljava/util/HashMap$Node; @ 62
Event: 9.829 Thread 0x0000000017d53000 Uncommon trap: reason=unstable_if action=reinterpret pc=0x000000000348bdbc method=java.util.HashMap.putVal(ILjava/lang/Object;Ljava/lang/Object;ZZ)Ljava/lang/Object; @ 94
Event: 9.830 Thread 0x0000000017d53000 Uncommon trap: reason=unstable_if action=reinterpret pc=0x00000000030f18a4 method=java.util.HashMap.getNode(ILjava/lang/Object;)Ljava/util/HashMap$Node; @ 62

Internal exceptions (10 events):
Event: 2.263 Thread 0x0000000017d53000 Exception <a 'java/security/PrivilegedActionException'> (0x00000000ebe5c020) thrown at [C:\re\workspace\8-2-build-windows-amd64-cygwin\jdk8u101\7261\hotspot\src\share\vm\prims\jvm.cpp, line 1386]
Event: 2.302 Thread 0x0000000017d53000 Exception <a 'java/security/PrivilegedActionException'> (0x00000000ebecaa78) thrown at [C:\re\workspace\8-2-build-windows-amd64-cygwin\jdk8u101\7261\hotspot\src\share\vm\prims\jvm.cpp, line 1386]
Event: 2.302 Thread 0x0000000017d53000 Exception <a 'java/security/PrivilegedActionException'> (0x00000000ebecae70) thrown at [C:\re\workspace\8-2-build-windows-amd64-cygwin\jdk8u101\7261\hotspot\src\share\vm\prims\jvm.cpp, line 1386]
Event: 2.304 Thread 0x0000000017d53000 Exception <a 'java/security/PrivilegedActionException'> (0x00000000ebed4ad8) thrown at [C:\re\workspace\8-2-build-windows-amd64-cygwin\jdk8u101\7261\hotspot\src\share\vm\prims\jvm.cpp, line 1386]
Event: 2.304 Thread 0x0000000017d53000 Exception <a 'java/security/PrivilegedActionException'> (0x00000000ebed4ed0) thrown at [C:\re\workspace\8-2-build-windows-amd64-cygwin\jdk8u101\7261\hotspot\src\share\vm\prims\jvm.cpp, line 1386]
Event: 2.306 Thread 0x0000000017d53000 Exception <a 'java/security/PrivilegedActionException'> (0x00000000ebedf698) thrown at [C:\re\workspace\8-2-build-windows-amd64-cygwin\jdk8u101\7261\hotspot\src\share\vm\prims\jvm.cpp, line 1386]
Event: 2.306 Thread 0x0000000017d53000 Exception <a 'java/security/PrivilegedActionException'> (0x00000000ebedfa90) thrown at [C:\re\workspace\8-2-build-windows-amd64-cygwin\jdk8u101\7261\hotspot\src\share\vm\prims\jvm.cpp, line 1386]
Event: 2.308 Thread 0x0000000017d53000 Exception <a 'java/security/PrivilegedActionException'> (0x00000000ebee9e90) thrown at [C:\re\workspace\8-2-build-windows-amd64-cygwin\jdk8u101\7261\hotspot\src\share\vm\prims\jvm.cpp, line 1386]
Event: 2.308 Thread 0x0000000017d53000 Exception <a 'java/security/PrivilegedActionException'> (0x00000000ebeea2d8) thrown at [C:\re\workspace\8-2-build-windows-amd64-cygwin\jdk8u101\7261\hotspot\src\share\vm\prims\jvm.cpp, line 1386]
Event: 8.525 Thread 0x0000000017d53000 Exception <a 'sun/nio/fs/WindowsException'> (0x00000000eb430d00) thrown at [C:\re\workspace\8-2-build-windows-amd64-cygwin\jdk8u101\7261\hotspot\src\share\vm\prims\jni.cpp, line 709]

Events (10 events):
Event: 10646.686 Executing VM operation: RedefineClasses
Event: 10648.668 Executing VM operation: RedefineClasses done
Event: 11007.356 Executing VM operation: RedefineClasses
Event: 11007.620 Executing VM operation: RedefineClasses done
Event: 11037.228 Executing VM operation: RedefineClasses
Event: 11037.529 Executing VM operation: RedefineClasses done
Event: 11072.765 Executing VM operation: RedefineClasses
Event: 11073.066 Executing VM operation: RedefineClasses done
Event: 11306.234 Executing VM operation: RedefineClasses
Event: 11306.515 Executing VM operation: RedefineClasses done


Dynamic libraries:
0x00007ff6f8c80000 - 0x00007ff6f8cb7000 	C:\Program Files\Java\jre1.8.0_101\bin\javaw.exe
0x00007ffaf14e0000 - 0x00007ffaf1689000 	C:\Windows\SYSTEM32\ntdll.dll
0x00007ffaf1200000 - 0x00007ffaf133a000 	C:\Windows\system32\KERNEL32.DLL
0x00007ffaeebb0000 - 0x00007ffaeecbf000 	C:\Windows\system32\KERNELBASE.dll
0x00007ffaf0eb0000 - 0x00007ffaf0f55000 	C:\Windows\system32\ADVAPI32.dll
0x00007ffaf1080000 - 0x00007ffaf11f1000 	C:\Windows\system32\USER32.dll
0x00007ffaeca50000 - 0x00007ffaeccaa000 	C:\Windows\WinSxS\amd64_microsoft.windows.common-controls_6595b64144ccf1df_6.0.9600.16384_none_62475f7becb72503\COMCTL32.dll
0x00007ffaeef50000 - 0x00007ffaeeff7000 	C:\Windows\system32\msvcrt.dll
0x00007ffaf0e50000 - 0x00007ffaf0ea7000 	C:\Windows\SYSTEM32\sechost.dll
0x00007ffaef6e0000 - 0x00007ffaef816000 	C:\Windows\system32\RPCRT4.dll
0x00007ffaef060000 - 0x00007ffaef1a5000 	C:\Windows\system32\GDI32.dll
0x00007ffaef380000 - 0x00007ffaef3b4000 	C:\Windows\system32\IMM32.DLL
0x00007ffaef240000 - 0x00007ffaef379000 	C:\Windows\system32\MSCTF.dll
0x0000000050700000 - 0x00000000507d2000 	C:\Program Files\Java\jre1.8.0_101\bin\msvcr100.dll
0x0000000050c20000 - 0x00000000514ba000 	C:\Program Files\Java\jre1.8.0_101\bin\server\jvm.dll
0x00007ffae56a0000 - 0x00007ffae56a9000 	C:\Windows\SYSTEM32\WSOCK32.dll
0x00007ffae66c0000 - 0x00007ffae66df000 	C:\Windows\SYSTEM32\WINMM.dll
0x00007ffae5650000 - 0x00007ffae565a000 	C:\Windows\SYSTEM32\VERSION.dll
0x00007ffaef1b0000 - 0x00007ffaef1b7000 	C:\Windows\system32\PSAPI.DLL
0x00007ffaef670000 - 0x00007ffaef6c8000 	C:\Windows\system32\WS2_32.dll
0x00007ffae6690000 - 0x00007ffae66ba000 	C:\Windows\SYSTEM32\WINMMBASE.dll
0x00007ffaef650000 - 0x00007ffaef659000 	C:\Windows\system32\NSI.dll
0x00007ffaeeb60000 - 0x00007ffaeebaa000 	C:\Windows\SYSTEM32\cfgmgr32.dll
0x00007ffaed710000 - 0x00007ffaed736000 	C:\Windows\SYSTEM32\DEVOBJ.dll
0x0000000050b30000 - 0x0000000050b3f000 	C:\Program Files\Java\jre1.8.0_101\bin\verify.dll
0x0000000050b00000 - 0x0000000050b29000 	C:\Program Files\Java\jre1.8.0_101\bin\java.dll
0x00000000506c0000 - 0x00000000506f5000 	C:\Program Files\Java\jre1.8.0_101\bin\jdwp.dll
0x00000000506b0000 - 0x00000000506b8000 	C:\Program Files\Java\jre1.8.0_101\bin\npt.dll
0x0000000050ae0000 - 0x0000000050af6000 	C:\Program Files\Java\jre1.8.0_101\bin\zip.dll
0x00007ffaefa40000 - 0x00007ffaf0e4e000 	C:\Windows\system32\SHELL32.dll
0x00007ffaeed70000 - 0x00007ffaeef47000 	C:\Windows\SYSTEM32\combase.dll
0x00007ffaef1c0000 - 0x00007ffaef211000 	C:\Windows\system32\SHLWAPI.dll
0x00007ffaed150000 - 0x00007ffaed1f1000 	C:\Windows\SYSTEM32\SHCORE.dll
0x00007ffaee860000 - 0x00007ffaee874000 	C:\Windows\SYSTEM32\profapi.dll
0x00000000506a0000 - 0x00000000506a9000 	C:\Program Files\Java\jre1.8.0_101\bin\dt_socket.dll
0x00007ffae0580000 - 0x00007ffae0594000 	C:\Windows\system32\napinsp.dll
0x00007ffae0560000 - 0x00007ffae0579000 	C:\Windows\system32\pnrpnsp.dll
0x00007ffaec060000 - 0x00007ffaec079000 	C:\Windows\system32\NLAapi.dll
0x00007ffaee0c0000 - 0x00007ffaee118000 	C:\Windows\System32\mswsock.dll
0x00007ffaeded0000 - 0x00007ffaedf73000 	C:\Windows\SYSTEM32\DNSAPI.dll
0x00007ffae0550000 - 0x00007ffae055c000 	C:\Windows\System32\winrnr.dll
0x00007ffae0530000 - 0x00007ffae0543000 	C:\Windows\system32\wshbth.dll
0x00007ffaeaf40000 - 0x00007ffaeafa7000 	C:\Windows\System32\fwpuclnt.dll
0x00007ffae7940000 - 0x00007ffae7949000 	C:\Windows\System32\rasadhlp.dll
0x00000000508c0000 - 0x0000000050a58000 	C:\Program Files\Java\jre1.8.0_101\bin\awt.dll
0x00007ffaf0fc0000 - 0x00007ffaf1077000 	C:\Windows\system32\OLEAUT32.dll
0x00007ffaed490000 - 0x00007ffaed51b000 	C:\Windows\system32\apphelp.dll
0x00007ffaed540000 - 0x00007ffaed662000 	C:\Windows\system32\uxtheme.dll
0x00007ffaeccb0000 - 0x00007ffaeccd1000 	C:\Windows\system32\dwmapi.dll
0x00007ffaef820000 - 0x00007ffaef995000 	C:\Windows\system32\ole32.dll
0x00007ffaed520000 - 0x00007ffaed52a000 	C:\Windows\SYSTEM32\kernel.appcore.dll
0x00007ffaee6d0000 - 0x00007ffaee6da000 	C:\Windows\SYSTEM32\CRYPTBASE.dll
0x00007ffaee670000 - 0x00007ffaee6ce000 	C:\Windows\SYSTEM32\bcryptPrimitives.dll
0x0000000050870000 - 0x00000000508b7000 	C:\Program Files\Java\jre1.8.0_101\bin\fontmanager.dll
0x0000000050ac0000 - 0x0000000050ada000 	C:\Program Files\Java\jre1.8.0_101\bin\net.dll
0x0000000050aa0000 - 0x0000000050ab1000 	C:\Program Files\Java\jre1.8.0_101\bin\nio.dll
0x0000000050820000 - 0x0000000050862000 	C:\Program Files\Java\jre1.8.0_101\bin\t2k.dll
0x00007ffaef5a0000 - 0x00007ffaef644000 	C:\Windows\SYSTEM32\clbcatq.dll
0x00007ffaec5b0000 - 0x00007ffaec743000 	C:\Windows\SYSTEM32\WindowsCodecs.dll
0x00007ffaee120000 - 0x00007ffaee13e000 	C:\Windows\SYSTEM32\CRYPTSP.dll
0x00007ffaedd60000 - 0x00007ffaedd95000 	C:\Windows\system32\rsaenh.dll
0x00007ffaee350000 - 0x00007ffaee376000 	C:\Windows\SYSTEM32\bcrypt.dll
0x00007ffaede70000 - 0x00007ffaede8f000 	C:\Windows\SYSTEM32\USERENV.dll
0x00007ffaeb760000 - 0x00007ffaeb789000 	C:\Windows\SYSTEM32\IPHLPAPI.DLL
0x00007ffaeb750000 - 0x00007ffaeb75a000 	C:\Windows\SYSTEM32\WINNSI.DLL
0x00007ffaeaef0000 - 0x00007ffaeaf04000 	C:\Windows\SYSTEM32\dhcpcsvc6.DLL
0x00007ffaeaed0000 - 0x00007ffaeaee9000 	C:\Windows\SYSTEM32\dhcpcsvc.DLL
0x00007ffad09f0000 - 0x00007ffad0b78000 	C:\Windows\SYSTEM32\dbghelp.dll

VM Arguments:
jvm_args: -agentlib:jdwp=transport=dt_socket,suspend=y,address=localhost:49426 -Dfile.encoding=Cp1252 
java_command: Pages.ReportBank
java_class_path (initial): J:\Project\Eclipse\Bank\bin;D:\Soft\Comp Lag Soft\JAVA\Jar Files\Face\Animation Class (Version 1,5)\AnimatonClass.jar;D:\Soft\Comp Lag Soft\JAVA\Jar Files\Controals\DateChooserDemo.jar;D:\Soft\Comp Lag Soft\JAVA\Jar Files\Controals\jcalendar-1.4.jar;D:\Soft\Comp Lag Soft\JAVA\Jar Files\Controals\jdatepicker-1.3.2.jar;D:\Soft\Comp Lag Soft\JAVA\Jar Files\Controals\jgoodies-forms-1.8.0.jar;D:\Soft\Comp Lag Soft\JAVA\Jar Files\Controals\jgoodies-forms-1.8.0-sources.jar;D:\Soft\Comp Lag Soft\JAVA\Jar Files\Controals\miglayout15-swing.jar;D:\Soft\Comp Lag Soft\JAVA\Jar Files\Database\classes12.jar;D:\Soft\Comp Lag Soft\JAVA\Jar Files\Database\com.mysql.jdbc_5.1.5.jar;D:\Soft\Comp Lag Soft\JAVA\Jar Files\Database\ojdbc14-1.0.jar;D:\Soft\Comp Lag Soft\JAVA\Jar Files\Repot\jasperreports-6.2.0-project (2)\jasperreports-6.2.0\dist\jasperreports-6.2.0.jar;D:\Soft\Comp Lag Soft\JAVA\Jar Files\Repot\jasperreports-6.2.0-project (2)\jasperreports-6.2.0\dist\jasperreports-fonts-6.2.0.jar;D:\Soft\Comp Lag Soft\JAVA\Jar Files\Repot\jasperreports-6.2.0-project (2)\jasperreports-6.2.0\dist\jasperreports-javaflow-6.2.0.jar;D:\Soft\Comp Lag Soft\JAVA\Jar Files\Repot\jasperreports-6.2.0-project (2)\jasperreports-6.2.0\lib\ant-1.7.1.jar;D:\Soft\Comp Lag Soft\JAVA\Jar Files\Repot\jasperreports-6.2.0-project (2)\jasperreports-6.2.0\lib\antlr-2.7.5.jar;D:\Soft\Comp Lag Soft\JAVA\Jar Files\Repot\jasperreports-6.2.0-project (2)\jasperreports-6.2.0\lib\barbecue-1.5-beta1.jar;D:\Soft\Comp Lag Soft\JAVA\Jar Files\Repot\jasperreports-6.2.0-project (2)\jasperreports-6.2.0\lib\barcode4j-2.1.jar;D:\Soft\Comp Lag Soft\JAVA\Jar Files\Repot\jasperreports-6.2.0-project (2)\jasperreports-6.2.0\lib\batik-anim.jar;D:\Soft\Comp Lag Soft\JAVA\Jar Files\Repot\jasperreports-6.2.0-project (2)\jasperreports-6.2.0\lib\batik-awt-util.jar;D:\Soft\Comp Lag Soft\JAVA\Jar Files\Repot\jasperreports-6.2.0-project (2)\jasperreports-6.2.0\lib\batik-bridge.jar;D:\Soft\Comp Lag Soft\JAVA\Jar Files
Launcher Type: SUN_STANDARD

Environment Variables:
PATH=C:/Program Files/Java/jre1.8.0_101/bin/server;C:/Program Files/Java/jre1.8.0_101/bin;C:/Program Files/Java/jre1.8.0_101/lib/amd64;C:\oraclexe\app\oracle\product\10.2.0\server\bin;C:\ProgramData\Oracle\Java\javapath;C:\Windows\system32;C:\Windows;C:\Windows\System32\Wbem;C:\Windows\System32\WindowsPowerShell\v1.0\;C:\Program Files (x86)\MySQL\MySQL Server 5.5\bin;C:\Program Files\Intel\WiFi\bin\;C:\Program Files\Common Files\Intel\WirelessCommon\;C:\Program Files (x86)\ATI Technologies\ATI.ACE\Core-Static;C:\Program Files (x86)\Common Files\lenovo\easyplussdk\bin;C:\Program Files\MySQL\MySQL Utilities 1.6\;C:\Program Files\Java\jdk1.8.0_101\bin;D:\Soft\Comp Lag Soft\JAVA\Eclipse\eclipse-jee-mars-2-win32-x86_64\eclipse;
USERNAME=appasaheb
OS=Windows_NT
PROCESSOR_IDENTIFIER=Intel64 Family 6 Model 69 Stepping 1, GenuineIntel



---------------  S Y S T E M  ---------------

OS: Windows 8.1 , 64 bit Build 9600 (6.3.9600.16384)

CPU:total 4 (2 cores per cpu, 2 threads per core) family 6 model 69 stepping 1, cmov, cx8, fxsr, mmx, sse, sse2, sse3, ssse3, sse4.1, sse4.2, popcnt, avx, avx2, aes, clmul, erms, lzcnt, ht, tsc, tscinvbit, bmi1, bmi2

Memory: 4k page, physical 4088172k(1202088k free), swap 9986540k(2799296k free)

vm_info: Java HotSpot(TM) 64-Bit Server VM (25.101-b13) for windows-amd64 JRE (1.8.0_101-b13), built on Jun 22 2016 01:21:29 by "java_re" with MS VC++ 10.0 (VS2010)

time: Thu Oct 13 14:52:42 2016
elapsed time: 11855 seconds (0d 3h 17m 35s)

