#
# A fatal error has been detected by the Java Runtime Environment:
#
#  EXCEPTION_ACCESS_VIOLATION (0xc0000005) at pc=0x0000000050d4a0a5, pid=5284, tid=0x00000000000014f0
#
# JRE version: Java(TM) SE Runtime Environment (8.0_101-b13) (build 1.8.0_101-b13)
# Java VM: Java HotSpot(TM) 64-Bit Server VM (25.101-b13 mixed mode windows-amd64 compressed oops)
# Problematic frame:
# V  [jvm.dll+0x12a0a5]
#
# Failed to write core dump. Minidumps are not enabled by default on client versions of Windows
#
# If you would like to submit a bug report, please visit:
#   http://bugreport.java.com/bugreport/crash.jsp
#

---------------  T H R E A D  ---------------

Current thread (0x0000000014e7f000):  JavaThread "JDWP Transport Listener: dt_socket" daemon [_thread_in_vm, id=5360, stack(0x0000000016780000,0x0000000016880000)]

siginfo: ExceptionCode=0xc0000005, reading address 0x0000005600000008

Registers:
RAX=0x000000001687f401, RBX=0x0000000014e7f000, RCX=0x0000005600000008, RDX=0x0000000000000000
RSP=0x000000001687f410, RBP=0x0000005600000008, RSI=0x000000001687f528, RDI=0x0000000000d081c0
R8 =0x0000000014e7f000, R9 =0x0000000017056170, R10=0x00007ffaf14e0000, R11=0x000000001687f6d2
R12=0x0000000000000000, R13=0x0000000014e88298, R14=0x0000000000000000, R15=0x0000000000000000
RIP=0x0000000050d4a0a5, EFLAGS=0x0000000000010202

Top of Stack: (sp=0x000000001687f410)
0x000000001687f410:   0000000014e7f000 0000000014e7f000
0x000000001687f420:   000000001687f4d8 0000000050f52f0b
0x000000001687f430:   0000000014e7f000 0000000050f6f76d
0x000000001687f440:   0000000000000000 00000000506d9155
0x000000001687f450:   00000000194d9310 00000000506e291e
0x000000001687f460:   0000000014e7f000 0000000000000000
0x000000001687f470:   0000000000000000 0000000000000000
0x000000001687f480:   0000005600000008 00000000506e1a15
0x000000001687f490:   000000001687f528 000000001687f500
0x000000001687f4a0:   0000000000000001 00000000194d9310
0x000000001687f4b0:   0000005600000008 00000000506c53b3
0x000000001687f4c0:   000000001687f5f0 0000000000000001
0x000000001687f4d0:   0000000000000001 00000000194d9310
0x000000001687f4e0:   0000000000000001 0000000000000000
0x000000001687f4f0:   0000000000000000 0000000000000000
0x000000001687f500:   0000000000000001 00000000506c5571 

Instructions: (pc=0x0000000050d4a0a5)
0x0000000050d4a085:   cc cc cc cc cc cc cc cc cc cc cc 48 83 ec 28 48
0x0000000050d4a095:   85 c9 75 07 33 c0 48 83 c4 28 c3 48 89 5c 24 20
0x0000000050d4a0a5:   48 8b 19 48 85 db 74 20 48 83 fb 37 74 1a 48 8b
0x0000000050d4a0b5:   13 48 8b cb ff 52 10 84 c0 74 0d 48 8b c3 48 8b 


Register to memory mapping:

RAX=0x000000001687f401 is pointing into the stack for thread: 0x0000000014e7f000
RBX=0x0000000014e7f000 is a thread
RCX=0x0000005600000008 is an unknown value
RDX=0x0000000000000000 is an unknown value
RSP=0x000000001687f410 is pointing into the stack for thread: 0x0000000014e7f000
RBP=0x0000005600000008 is an unknown value
RSI=0x000000001687f528 is pointing into the stack for thread: 0x0000000014e7f000
RDI=0x0000000000d081c0 is an unknown value
R8 =0x0000000014e7f000 is a thread
R9 =0x0000000017056170 is an unknown value
R10=0x00007ffaf14e0000 is an unknown value
R11=0x000000001687f6d2 is pointing into the stack for thread: 0x0000000014e7f000
R12=0x0000000000000000 is an unknown value
R13=0x0000000014e88298 is an unknown value
R14=0x0000000000000000 is an unknown value
R15=0x0000000000000000 is an unknown value


Stack: [0x0000000016780000,0x0000000016880000],  sp=0x000000001687f410,  free space=1021k
Native frames: (J=compiled Java code, j=interpreted, Vv=VM code, C=native code)
V  [jvm.dll+0x12a0a5]
V  [jvm.dll+0x34f76d]
C  [jdwp.dll+0x21a15]
C  [jdwp.dll+0x53b3]
C  [jdwp.dll+0x5571]
C  [jdwp.dll+0xf0a8]
C  [jdwp.dll+0x1f2d5]
C  [jdwp.dll+0x1f4aa]
V  [jvm.dll+0x1bd258]
V  [jvm.dll+0x2451a4]
V  [jvm.dll+0x29c18a]
C  [msvcr100.dll+0x21d9f]
C  [msvcr100.dll+0x21e3b]
C  [KERNEL32.DLL+0x1611]
C  [ntdll.dll+0x764ad]


---------------  P R O C E S S  ---------------

Java Threads: ( => current thread )
  0x0000000017f08000 JavaThread "MySQL Statement Cancellation Timer" daemon [_thread_blocked, id=5428, stack(0x0000000019f10000,0x000000001a010000)]
  0x000000001784f000 JavaThread "TimerQueue" daemon [_thread_blocked, id=5420, stack(0x0000000018b40000,0x0000000018c40000)]
  0x0000000002785000 JavaThread "DestroyJavaVM" [_thread_blocked, id=5316, stack(0x0000000002680000,0x0000000002780000)]
  0x0000000017169000 JavaThread "AWT-EventQueue-0" [_thread_blocked, id=5416, stack(0x0000000018430000,0x0000000018530000)]
  0x0000000017163800 JavaThread "AWT-Windows" daemon [_thread_in_native, id=5412, stack(0x0000000018160000,0x0000000018260000)]
  0x000000001715f000 JavaThread "AWT-Shutdown" [_thread_blocked, id=5408, stack(0x0000000018060000,0x0000000018160000)]
  0x000000001715c000 JavaThread "Java2D Disposer" daemon [_thread_blocked, id=5404, stack(0x0000000017f60000,0x0000000018060000)]
  0x0000000014ece800 JavaThread "Service Thread" daemon [_thread_blocked, id=5396, stack(0x0000000017180000,0x0000000017280000)]
  0x0000000014e9e800 JavaThread "C1 CompilerThread2" daemon [_thread_blocked, id=5392, stack(0x0000000016c80000,0x0000000016d80000)]
  0x0000000014e9d800 JavaThread "C2 CompilerThread1" daemon [_thread_blocked, id=5388, stack(0x0000000016b80000,0x0000000016c80000)]
  0x0000000014e99800 JavaThread "C2 CompilerThread0" daemon [_thread_blocked, id=5384, stack(0x0000000016a80000,0x0000000016b80000)]
  0x0000000014e8f000 JavaThread "JDWP Command Reader" daemon [_thread_in_native, id=5376, stack(0x0000000016980000,0x0000000016a80000)]
  0x0000000014e8c800 JavaThread "JDWP Event Helper Thread" daemon [_thread_blocked, id=5372, stack(0x0000000016880000,0x0000000016980000)]
=>0x0000000014e7f000 JavaThread "JDWP Transport Listener: dt_socket" daemon [_thread_in_vm, id=5360, stack(0x0000000016780000,0x0000000016880000)]
  0x0000000014e72000 JavaThread "Attach Listener" daemon [_thread_blocked, id=5352, stack(0x00000000163a0000,0x00000000164a0000)]
  0x0000000014e71000 JavaThread "Signal Dispatcher" daemon [_thread_blocked, id=5348, stack(0x00000000162a0000,0x00000000163a0000)]
  0x0000000014e5c000 JavaThread "Finalizer" daemon [_thread_blocked, id=5344, stack(0x00000000160c0000,0x00000000161c0000)]
  0x0000000014e38800 JavaThread "Reference Handler" daemon [_thread_blocked, id=5340, stack(0x0000000015fc0000,0x00000000160c0000)]

Other Threads:
  0x0000000014e37000 VMThread [stack: 0x0000000015ec0000,0x0000000015fc0000] [id=5336]
  0x0000000016df4000 WatcherThread [stack: 0x0000000017280000,0x0000000017380000] [id=5400]

VM state:not at safepoint (normal execution)

VM Mutex/Monitor currently owned by a thread: None

Heap:
 PSYoungGen      total 35328K, used 18578K [0x00000000eb300000, 0x00000000ed800000, 0x0000000100000000)
  eden space 32768K, 56% used [0x00000000eb300000,0x00000000ec5249b8,0x00000000ed300000)
  from space 2560K, 0% used [0x00000000ed580000,0x00000000ed580000,0x00000000ed800000)
  to   space 2560K, 0% used [0x00000000ed300000,0x00000000ed300000,0x00000000ed580000)
 ParOldGen       total 42496K, used 10459K [0x00000000c1800000, 0x00000000c4180000, 0x00000000eb300000)
  object space 42496K, 24% used [0x00000000c1800000,0x00000000c2236c08,0x00000000c4180000)
 Metaspace       used 24426K, capacity 24772K, committed 25088K, reserved 1071104K
  class space    used 3219K, capacity 3311K, committed 3328K, reserved 1048576K

Card table byte_map: [0x0000000011c40000,0x0000000011e40000] byte_map_base: 0x0000000011634000

Marking Bits: (ParMarkBitMap*) 0x000000005143a6d0
 Begin Bits: [0x0000000012390000, 0x0000000013330000)
 End Bits:   [0x0000000013330000, 0x00000000142d0000)

Polling page: 0x0000000000cd0000

CodeCache: size=245760Kb used=7199Kb max_used=7215Kb free=238560Kb
 bounds [0x0000000002880000, 0x0000000002fa0000, 0x0000000011880000]
 total_blobs=2862 nmethods=2266 adapters=515
 compilation: enabled

Compilation events (10 events):
Event: 14.078 Thread 0x0000000014e9e800 2411   !   3       java.awt.KeyboardFocusManager::getGlobalFocusOwner (20 bytes)
Event: 14.079 Thread 0x0000000014e9e800 nmethod 2411 0x0000000002f8e7d0 code [0x0000000002f8e980, 0x0000000002f8ee28]
Event: 8236.010 Thread 0x0000000014e9e800 2412       3       java.awt.RenderingHints::put (55 bytes)
Event: 8245.443 Thread 0x0000000014e9e800 nmethod 2412 0x0000000002f8f090 code [0x0000000002f8f320, 0x0000000002f904c8]
Event: 8253.429 Thread 0x0000000014e9e800 2414       3       jdk.internal.org.objectweb.asm.ClassWriter::newNameType (10 bytes)
Event: 8254.940 Thread 0x0000000014e9e800 nmethod 2414 0x000000000299ddd0 code [0x000000000299df40, 0x000000000299e108]
Event: 8256.302 Thread 0x0000000014e9e800 2415       3       jdk.internal.org.objectweb.asm.ClassWriter::newNameTypeItem (71 bytes)
Event: 8256.408 Thread 0x0000000014e9e800 nmethod 2415 0x000000000298d890 code [0x000000000298da80, 0x000000000298dfd8]
Event: 8262.247 Thread 0x0000000014e99800 2416   !   4       java.util.concurrent.ConcurrentHashMap::putVal (362 bytes)
Event: 8276.539 Thread 0x0000000014e99800 nmethod 2416 0x0000000002f947d0 code [0x0000000002f94980, 0x0000000002f958b0]

GC Heap History (10 events):
Event: 3.059 GC heap before
{Heap before GC invocations=1 (full 0):
 PSYoungGen      total 18944K, used 16384K [0x00000000eb300000, 0x00000000ec800000, 0x0000000100000000)
  eden space 16384K, 100% used [0x00000000eb300000,0x00000000ec300000,0x00000000ec300000)
  from space 2560K, 0% used [0x00000000ec580000,0x00000000ec580000,0x00000000ec800000)
  to   space 2560K, 0% used [0x00000000ec300000,0x00000000ec300000,0x00000000ec580000)
 ParOldGen       total 44032K, used 0K [0x00000000c1800000, 0x00000000c4300000, 0x00000000eb300000)
  object space 44032K, 0% used [0x00000000c1800000,0x00000000c1800000,0x00000000c4300000)
 Metaspace       used 14141K, capacity 14302K, committed 14464K, reserved 1062912K
  class space    used 1792K, capacity 1867K, committed 1920K, reserved 1048576K
Event: 3.081 GC heap after
Heap after GC invocations=1 (full 0):
 PSYoungGen      total 18944K, used 2528K [0x00000000eb300000, 0x00000000ec800000, 0x0000000100000000)
  eden space 16384K, 0% used [0x00000000eb300000,0x00000000eb300000,0x00000000ec300000)
  from space 2560K, 98% used [0x00000000ec300000,0x00000000ec578070,0x00000000ec580000)
  to   space 2560K, 0% used [0x00000000ec580000,0x00000000ec580000,0x00000000ec800000)
 ParOldGen       total 44032K, used 1755K [0x00000000c1800000, 0x00000000c4300000, 0x00000000eb300000)
  object space 44032K, 3% used [0x00000000c1800000,0x00000000c19b6f00,0x00000000c4300000)
 Metaspace       used 14141K, capacity 14302K, committed 14464K, reserved 1062912K
  class space    used 1792K, capacity 1867K, committed 1920K, reserved 1048576K
}
Event: 6.683 GC heap before
{Heap before GC invocations=2 (full 0):
 PSYoungGen      total 18944K, used 18912K [0x00000000eb300000, 0x00000000ec800000, 0x0000000100000000)
  eden space 16384K, 100% used [0x00000000eb300000,0x00000000ec300000,0x00000000ec300000)
  from space 2560K, 98% used [0x00000000ec300000,0x00000000ec578070,0x00000000ec580000)
  to   space 2560K, 0% used [0x00000000ec580000,0x00000000ec580000,0x00000000ec800000)
 ParOldGen       total 44032K, used 1755K [0x00000000c1800000, 0x00000000c4300000, 0x00000000eb300000)
  object space 44032K, 3% used [0x00000000c1800000,0x00000000c19b6f00,0x00000000c4300000)
 Metaspace       used 17434K, capacity 17792K, committed 18048K, reserved 1064960K
  class space    used 2213K, capacity 2326K, committed 2432K, reserved 1048576K
Event: 6.713 GC heap after
Heap after GC invocations=2 (full 0):
 PSYoungGen      total 18944K, used 2528K [0x00000000eb300000, 0x00000000ec800000, 0x0000000100000000)
  eden space 16384K, 0% used [0x00000000eb300000,0x00000000eb300000,0x00000000ec300000)
  from space 2560K, 98% used [0x00000000ec580000,0x00000000ec7f8040,0x00000000ec800000)
  to   space 2560K, 0% used [0x00000000ec300000,0x00000000ec300000,0x00000000ec580000)
 ParOldGen       total 44032K, used 7373K [0x00000000c1800000, 0x00000000c4300000, 0x00000000eb300000)
  object space 44032K, 16% used [0x00000000c1800000,0x00000000c1f33450,0x00000000c4300000)
 Metaspace       used 17434K, capacity 17792K, committed 18048K, reserved 1064960K
  class space    used 2213K, capacity 2326K, committed 2432K, reserved 1048576K
}
Event: 7.593 GC heap before
{Heap before GC invocations=3 (full 0):
 PSYoungGen      total 18944K, used 18912K [0x00000000eb300000, 0x00000000ec800000, 0x0000000100000000)
  eden space 16384K, 100% used [0x00000000eb300000,0x00000000ec300000,0x00000000ec300000)
  from space 2560K, 98% used [0x00000000ec580000,0x00000000ec7f8040,0x00000000ec800000)
  to   space 2560K, 0% used [0x00000000ec300000,0x00000000ec300000,0x00000000ec580000)
 ParOldGen       total 44032K, used 7373K [0x00000000c1800000, 0x00000000c4300000, 0x00000000eb300000)
  object space 44032K, 16% used [0x00000000c1800000,0x00000000c1f33450,0x00000000c4300000)
 Metaspace       used 19621K, capacity 19930K, committed 20096K, reserved 1067008K
  class space    used 2544K, capacity 2650K, committed 2688K, reserved 1048576K
Event: 7.608 GC heap after
Heap after GC invocations=3 (full 0):
 PSYoungGen      total 18944K, used 2544K [0x00000000eb300000, 0x00000000ed800000, 0x0000000100000000)
  eden space 16384K, 0% used [0x00000000eb300000,0x00000000eb300000,0x00000000ec300000)
  from space 2560K, 99% used [0x00000000ec300000,0x00000000ec57c060,0x00000000ec580000)
  to   space 2560K, 0% used [0x00000000ed580000,0x00000000ed580000,0x00000000ed800000)
 ParOldGen       total 44032K, used 9653K [0x00000000c1800000, 0x00000000c4300000, 0x00000000eb300000)
  object space 44032K, 21% used [0x00000000c1800000,0x00000000c216d7d0,0x00000000c4300000)
 Metaspace       used 19621K, capacity 19930K, committed 20096K, reserved 1067008K
  class space    used 2544K, capacity 2650K, committed 2688K, reserved 1048576K
}
Event: 8.411 GC heap before
{Heap before GC invocations=4 (full 0):
 PSYoungGen      total 18944K, used 9449K [0x00000000eb300000, 0x00000000ed800000, 0x0000000100000000)
  eden space 16384K, 42% used [0x00000000eb300000,0x00000000eb9be5e0,0x00000000ec300000)
  from space 2560K, 99% used [0x00000000ec300000,0x00000000ec57c060,0x00000000ec580000)
  to   space 2560K, 0% used [0x00000000ed580000,0x00000000ed580000,0x00000000ed800000)
 ParOldGen       total 44032K, used 9653K [0x00000000c1800000, 0x00000000c4300000, 0x00000000eb300000)
  object space 44032K, 21% used [0x00000000c1800000,0x00000000c216d7d0,0x00000000c4300000)
 Metaspace       used 20948K, capacity 21186K, committed 21248K, reserved 1067008K
  class space    used 2730K, capacity 2812K, committed 2816K, reserved 1048576K
Event: 8.428 GC heap after
Heap after GC invocations=4 (full 0):
 PSYoungGen      total 35328K, used 2544K [0x00000000eb300000, 0x00000000ed800000, 0x0000000100000000)
  eden space 32768K, 0% used [0x00000000eb300000,0x00000000eb300000,0x00000000ed300000)
  from space 2560K, 99% used [0x00000000ed580000,0x00000000ed7fc060,0x00000000ed800000)
  to   space 2560K, 0% used [0x00000000ed300000,0x00000000ed300000,0x00000000ed580000)
 ParOldGen       total 44032K, used 10793K [0x00000000c1800000, 0x00000000c4300000, 0x00000000eb300000)
  object space 44032K, 24% used [0x00000000c1800000,0x00000000c228a608,0x00000000c4300000)
 Metaspace       used 20948K, capacity 21186K, committed 21248K, reserved 1067008K
  class space    used 2730K, capacity 2812K, committed 2816K, reserved 1048576K
}
Event: 8.428 GC heap before
{Heap before GC invocations=5 (full 1):
 PSYoungGen      total 35328K, used 2544K [0x00000000eb300000, 0x00000000ed800000, 0x0000000100000000)
  eden space 32768K, 0% used [0x00000000eb300000,0x00000000eb300000,0x00000000ed300000)
  from space 2560K, 99% used [0x00000000ed580000,0x00000000ed7fc060,0x00000000ed800000)
  to   space 2560K, 0% used [0x00000000ed300000,0x00000000ed300000,0x00000000ed580000)
 ParOldGen       total 44032K, used 10793K [0x00000000c1800000, 0x00000000c4300000, 0x00000000eb300000)
  object space 44032K, 24% used [0x00000000c1800000,0x00000000c228a608,0x00000000c4300000)
 Metaspace       used 20948K, capacity 21186K, committed 21248K, reserved 1067008K
  class space    used 2730K, capacity 2812K, committed 2816K, reserved 1048576K
Event: 8.562 GC heap after
Heap after GC invocations=5 (full 1):
 PSYoungGen      total 35328K, used 0K [0x00000000eb300000, 0x00000000ed800000, 0x0000000100000000)
  eden space 32768K, 0% used [0x00000000eb300000,0x00000000eb300000,0x00000000ed300000)
  from space 2560K, 0% used [0x00000000ed580000,0x00000000ed580000,0x00000000ed800000)
  to   space 2560K, 0% used [0x00000000ed300000,0x00000000ed300000,0x00000000ed580000)
 ParOldGen       total 42496K, used 10459K [0x00000000c1800000, 0x00000000c4180000, 0x00000000eb300000)
  object space 42496K, 24% used [0x00000000c1800000,0x00000000c2236c08,0x00000000c4180000)
 Metaspace       used 20948K, capacity 21186K, committed 21248K, reserved 1067008K
  class space    used 2730K, capacity 2812K, committed 2816K, reserved 1048576K
}

Deoptimization events (10 events):
Event: 9.085 Thread 0x0000000017169000 Uncommon trap: reason=bimorphic action=maybe_recompile pc=0x0000000002e1cce0 method=java.util.HashMap.putVal(ILjava/lang/Object;Ljava/lang/Object;ZZ)Ljava/lang/Object; @ 203
Event: 9.242 Thread 0x0000000017169000 Uncommon trap: reason=bimorphic action=maybe_recompile pc=0x0000000002b19e28 method=javax.swing.UIDefaults.getFromHashtable(Ljava/lang/Object;)Ljava/lang/Object; @ 126
Event: 9.321 Thread 0x0000000017169000 Uncommon trap: reason=class_check action=maybe_recompile pc=0x0000000002e7763c method=javax.swing.RepaintManager.addDirtyRegion0(Ljava/awt/Container;IIII)V @ 91
Event: 9.322 Thread 0x0000000017169000 Uncommon trap: reason=class_check action=maybe_recompile pc=0x0000000002e7763c method=javax.swing.RepaintManager.addDirtyRegion0(Ljava/awt/Container;IIII)V @ 91
Event: 9.322 Thread 0x0000000017169000 Uncommon trap: reason=class_check action=maybe_recompile pc=0x0000000002e7763c method=javax.swing.RepaintManager.addDirtyRegion0(Ljava/awt/Container;IIII)V @ 91
Event: 9.322 Thread 0x0000000017169000 Uncommon trap: reason=class_check action=maybe_recompile pc=0x0000000002e7763c method=javax.swing.RepaintManager.addDirtyRegion0(Ljava/awt/Container;IIII)V @ 91
Event: 9.388 Thread 0x0000000017169000 Uncommon trap: reason=unstable_if action=reinterpret pc=0x0000000002a8b098 method=java.util.HashMap.getNode(ILjava/lang/Object;)Ljava/util/HashMap$Node; @ 62
Event: 9.388 Thread 0x0000000017169000 Uncommon trap: reason=unstable_if action=reinterpret pc=0x0000000002e6b6c0 method=java.util.HashMap.putVal(ILjava/lang/Object;Ljava/lang/Object;ZZ)Ljava/lang/Object; @ 94
Event: 9.388 Thread 0x0000000017169000 Uncommon trap: reason=unstable_if action=reinterpret pc=0x0000000002a83de4 method=java.util.HashMap.getNode(ILjava/lang/Object;)Ljava/util/HashMap$Node; @ 62
Event: 10.750 Thread 0x0000000017169000 Uncommon trap: reason=unstable_if action=reinterpret pc=0x0000000002a1b7b4 method=javax.swing.RepaintManager.addDirtyRegion0(Ljava/awt/Container;IIII)V @ 69

Internal exceptions (10 events):
Event: 2.227 Thread 0x0000000017169000 Exception <a 'java/security/PrivilegedActionException'> (0x00000000ebe5c108) thrown at [C:\re\workspace\8-2-build-windows-amd64-cygwin\jdk8u101\7261\hotspot\src\share\vm\prims\jvm.cpp, line 1386]
Event: 2.262 Thread 0x0000000017169000 Exception <a 'java/security/PrivilegedActionException'> (0x00000000ebecaad0) thrown at [C:\re\workspace\8-2-build-windows-amd64-cygwin\jdk8u101\7261\hotspot\src\share\vm\prims\jvm.cpp, line 1386]
Event: 2.263 Thread 0x0000000017169000 Exception <a 'java/security/PrivilegedActionException'> (0x00000000ebecaec8) thrown at [C:\re\workspace\8-2-build-windows-amd64-cygwin\jdk8u101\7261\hotspot\src\share\vm\prims\jvm.cpp, line 1386]
Event: 2.264 Thread 0x0000000017169000 Exception <a 'java/security/PrivilegedActionException'> (0x00000000ebed4b30) thrown at [C:\re\workspace\8-2-build-windows-amd64-cygwin\jdk8u101\7261\hotspot\src\share\vm\prims\jvm.cpp, line 1386]
Event: 2.265 Thread 0x0000000017169000 Exception <a 'java/security/PrivilegedActionException'> (0x00000000ebed4f28) thrown at [C:\re\workspace\8-2-build-windows-amd64-cygwin\jdk8u101\7261\hotspot\src\share\vm\prims\jvm.cpp, line 1386]
Event: 2.267 Thread 0x0000000017169000 Exception <a 'java/security/PrivilegedActionException'> (0x00000000ebedf6f0) thrown at [C:\re\workspace\8-2-build-windows-amd64-cygwin\jdk8u101\7261\hotspot\src\share\vm\prims\jvm.cpp, line 1386]
Event: 2.267 Thread 0x0000000017169000 Exception <a 'java/security/PrivilegedActionException'> (0x00000000ebedfae8) thrown at [C:\re\workspace\8-2-build-windows-amd64-cygwin\jdk8u101\7261\hotspot\src\share\vm\prims\jvm.cpp, line 1386]
Event: 2.269 Thread 0x0000000017169000 Exception <a 'java/security/PrivilegedActionException'> (0x00000000ebee9ee8) thrown at [C:\re\workspace\8-2-build-windows-amd64-cygwin\jdk8u101\7261\hotspot\src\share\vm\prims\jvm.cpp, line 1386]
Event: 2.269 Thread 0x0000000017169000 Exception <a 'java/security/PrivilegedActionException'> (0x00000000ebeea340) thrown at [C:\re\workspace\8-2-build-windows-amd64-cygwin\jdk8u101\7261\hotspot\src\share\vm\prims\jvm.cpp, line 1386]
Event: 7.836 Thread 0x0000000017169000 Exception <a 'sun/nio/fs/WindowsException'> (0x00000000eb4310b0) thrown at [C:\re\workspace\8-2-build-windows-amd64-cygwin\jdk8u101\7261\hotspot\src\share\vm\prims\jni.cpp, line 709]

Events (10 events):
Event: 10708.546 Executing VM operation: RedefineClasses
Event: 10709.797 Executing VM operation: RedefineClasses done
Event: 11074.031 Executing VM operation: RedefineClasses
Event: 11074.324 Executing VM operation: RedefineClasses done
Event: 11104.014 Executing VM operation: RedefineClasses
Event: 11104.285 Executing VM operation: RedefineClasses done
Event: 11139.501 Executing VM operation: RedefineClasses
Event: 11139.779 Executing VM operation: RedefineClasses done
Event: 11371.183 Executing VM operation: RedefineClasses
Event: 11371.475 Executing VM operation: RedefineClasses done


Dynamic libraries:
0x00007ff6f8c80000 - 0x00007ff6f8cb7000 	C:\Program Files\Java\jre1.8.0_101\bin\javaw.exe
0x00007ffaf14e0000 - 0x00007ffaf1689000 	C:\Windows\SYSTEM32\ntdll.dll
0x00007ffaf1200000 - 0x00007ffaf133a000 	C:\Windows\system32\KERNEL32.DLL
0x00007ffaeebb0000 - 0x00007ffaeecbf000 	C:\Windows\system32\KERNELBASE.dll
0x00007ffaf0eb0000 - 0x00007ffaf0f55000 	C:\Windows\system32\ADVAPI32.dll
0x00007ffaf1080000 - 0x00007ffaf11f1000 	C:\Windows\system32\USER32.dll
0x00007ffaeca50000 - 0x00007ffaeccaa000 	C:\Windows\WinSxS\amd64_microsoft.windows.common-controls_6595b64144ccf1df_6.0.9600.16384_none_62475f7becb72503\COMCTL32.dll
0x00007ffaeef50000 - 0x00007ffaeeff7000 	C:\Windows\system32\msvcrt.dll
0x00007ffaf0e50000 - 0x00007ffaf0ea7000 	C:\Windows\SYSTEM32\sechost.dll
0x00007ffaef6e0000 - 0x00007ffaef816000 	C:\Windows\system32\RPCRT4.dll
0x00007ffaef060000 - 0x00007ffaef1a5000 	C:\Windows\system32\GDI32.dll
0x00007ffaef380000 - 0x00007ffaef3b4000 	C:\Windows\system32\IMM32.DLL
0x00007ffaef240000 - 0x00007ffaef379000 	C:\Windows\system32\MSCTF.dll
0x0000000050700000 - 0x00000000507d2000 	C:\Program Files\Java\jre1.8.0_101\bin\msvcr100.dll
0x0000000050c20000 - 0x00000000514ba000 	C:\Program Files\Java\jre1.8.0_101\bin\server\jvm.dll
0x00007ffae56a0000 - 0x00007ffae56a9000 	C:\Windows\SYSTEM32\WSOCK32.dll
0x00007ffae66c0000 - 0x00007ffae66df000 	C:\Windows\SYSTEM32\WINMM.dll
0x00007ffae5650000 - 0x00007ffae565a000 	C:\Windows\SYSTEM32\VERSION.dll
0x00007ffaef1b0000 - 0x00007ffaef1b7000 	C:\Windows\system32\PSAPI.DLL
0x00007ffaef670000 - 0x00007ffaef6c8000 	C:\Windows\system32\WS2_32.dll
0x00007ffae6690000 - 0x00007ffae66ba000 	C:\Windows\SYSTEM32\WINMMBASE.dll
0x00007ffaef650000 - 0x00007ffaef659000 	C:\Windows\system32\NSI.dll
0x00007ffaeeb60000 - 0x00007ffaeebaa000 	C:\Windows\SYSTEM32\cfgmgr32.dll
0x00007ffaed710000 - 0x00007ffaed736000 	C:\Windows\SYSTEM32\DEVOBJ.dll
0x0000000050b30000 - 0x0000000050b3f000 	C:\Program Files\Java\jre1.8.0_101\bin\verify.dll
0x0000000050b00000 - 0x0000000050b29000 	C:\Program Files\Java\jre1.8.0_101\bin\java.dll
0x00000000506c0000 - 0x00000000506f5000 	C:\Program Files\Java\jre1.8.0_101\bin\jdwp.dll
0x00000000506b0000 - 0x00000000506b8000 	C:\Program Files\Java\jre1.8.0_101\bin\npt.dll
0x0000000050ae0000 - 0x0000000050af6000 	C:\Program Files\Java\jre1.8.0_101\bin\zip.dll
0x00007ffaefa40000 - 0x00007ffaf0e4e000 	C:\Windows\system32\SHELL32.dll
0x00007ffaeed70000 - 0x00007ffaeef47000 	C:\Windows\SYSTEM32\combase.dll
0x00007ffaef1c0000 - 0x00007ffaef211000 	C:\Windows\system32\SHLWAPI.dll
0x00007ffaed150000 - 0x00007ffaed1f1000 	C:\Windows\SYSTEM32\SHCORE.dll
0x00007ffaee860000 - 0x00007ffaee874000 	C:\Windows\SYSTEM32\profapi.dll
0x00000000506a0000 - 0x00000000506a9000 	C:\Program Files\Java\jre1.8.0_101\bin\dt_socket.dll
0x00007ffae0580000 - 0x00007ffae0594000 	C:\Windows\system32\napinsp.dll
0x00007ffae0560000 - 0x00007ffae0579000 	C:\Windows\system32\pnrpnsp.dll
0x00007ffaec060000 - 0x00007ffaec079000 	C:\Windows\system32\NLAapi.dll
0x00007ffaee0c0000 - 0x00007ffaee118000 	C:\Windows\System32\mswsock.dll
0x00007ffaeded0000 - 0x00007ffaedf73000 	C:\Windows\SYSTEM32\DNSAPI.dll
0x00007ffae0550000 - 0x00007ffae055c000 	C:\Windows\System32\winrnr.dll
0x00007ffae0530000 - 0x00007ffae0543000 	C:\Windows\system32\wshbth.dll
0x00007ffaeaf40000 - 0x00007ffaeafa7000 	C:\Windows\System32\fwpuclnt.dll
0x00007ffae7940000 - 0x00007ffae7949000 	C:\Windows\System32\rasadhlp.dll
0x00000000508c0000 - 0x0000000050a58000 	C:\Program Files\Java\jre1.8.0_101\bin\awt.dll
0x00007ffaf0fc0000 - 0x00007ffaf1077000 	C:\Windows\system32\OLEAUT32.dll
0x00007ffaed490000 - 0x00007ffaed51b000 	C:\Windows\system32\apphelp.dll
0x00007ffaed540000 - 0x00007ffaed662000 	C:\Windows\system32\uxtheme.dll
0x00007ffaeccb0000 - 0x00007ffaeccd1000 	C:\Windows\system32\dwmapi.dll
0x00007ffaef820000 - 0x00007ffaef995000 	C:\Windows\system32\ole32.dll
0x00007ffaed520000 - 0x00007ffaed52a000 	C:\Windows\SYSTEM32\kernel.appcore.dll
0x00007ffaee6d0000 - 0x00007ffaee6da000 	C:\Windows\SYSTEM32\CRYPTBASE.dll
0x00007ffaee670000 - 0x00007ffaee6ce000 	C:\Windows\SYSTEM32\bcryptPrimitives.dll
0x0000000050870000 - 0x00000000508b7000 	C:\Program Files\Java\jre1.8.0_101\bin\fontmanager.dll
0x0000000050ac0000 - 0x0000000050ada000 	C:\Program Files\Java\jre1.8.0_101\bin\net.dll
0x0000000050aa0000 - 0x0000000050ab1000 	C:\Program Files\Java\jre1.8.0_101\bin\nio.dll
0x0000000050820000 - 0x0000000050862000 	C:\Program Files\Java\jre1.8.0_101\bin\t2k.dll
0x00007ffaef5a0000 - 0x00007ffaef644000 	C:\Windows\SYSTEM32\clbcatq.dll
0x00007ffaec5b0000 - 0x00007ffaec743000 	C:\Windows\SYSTEM32\WindowsCodecs.dll
0x00007ffaee120000 - 0x00007ffaee13e000 	C:\Windows\SYSTEM32\CRYPTSP.dll
0x00007ffaedd60000 - 0x00007ffaedd95000 	C:\Windows\system32\rsaenh.dll
0x00007ffaee350000 - 0x00007ffaee376000 	C:\Windows\SYSTEM32\bcrypt.dll
0x00007ffaede70000 - 0x00007ffaede8f000 	C:\Windows\SYSTEM32\USERENV.dll
0x00007ffaeb760000 - 0x00007ffaeb789000 	C:\Windows\SYSTEM32\IPHLPAPI.DLL
0x00007ffaeb750000 - 0x00007ffaeb75a000 	C:\Windows\SYSTEM32\WINNSI.DLL
0x00007ffaeaef0000 - 0x00007ffaeaf04000 	C:\Windows\SYSTEM32\dhcpcsvc6.DLL
0x00007ffaeaed0000 - 0x00007ffaeaee9000 	C:\Windows\SYSTEM32\dhcpcsvc.DLL
0x00007ffad09f0000 - 0x00007ffad0b78000 	C:\Windows\SYSTEM32\dbghelp.dll

VM Arguments:
jvm_args: -agentlib:jdwp=transport=dt_socket,suspend=y,address=localhost:49416 -Dfile.encoding=Cp1252 
java_command: Pages.ReportBank
java_class_path (initial): J:\Project\Eclipse\Bank\bin;D:\Soft\Comp Lag Soft\JAVA\Jar Files\Face\Animation Class (Version 1,5)\AnimatonClass.jar;D:\Soft\Comp Lag Soft\JAVA\Jar Files\Controals\DateChooserDemo.jar;D:\Soft\Comp Lag Soft\JAVA\Jar Files\Controals\jcalendar-1.4.jar;D:\Soft\Comp Lag Soft\JAVA\Jar Files\Controals\jdatepicker-1.3.2.jar;D:\Soft\Comp Lag Soft\JAVA\Jar Files\Controals\jgoodies-forms-1.8.0.jar;D:\Soft\Comp Lag Soft\JAVA\Jar Files\Controals\jgoodies-forms-1.8.0-sources.jar;D:\Soft\Comp Lag Soft\JAVA\Jar Files\Controals\miglayout15-swing.jar;D:\Soft\Comp Lag Soft\JAVA\Jar Files\Database\classes12.jar;D:\Soft\Comp Lag Soft\JAVA\Jar Files\Database\com.mysql.jdbc_5.1.5.jar;D:\Soft\Comp Lag Soft\JAVA\Jar Files\Database\ojdbc14-1.0.jar;D:\Soft\Comp Lag Soft\JAVA\Jar Files\Repot\jasperreports-6.2.0-project (2)\jasperreports-6.2.0\dist\jasperreports-6.2.0.jar;D:\Soft\Comp Lag Soft\JAVA\Jar Files\Repot\jasperreports-6.2.0-project (2)\jasperreports-6.2.0\dist\jasperreports-fonts-6.2.0.jar;D:\Soft\Comp Lag Soft\JAVA\Jar Files\Repot\jasperreports-6.2.0-project (2)\jasperreports-6.2.0\dist\jasperreports-javaflow-6.2.0.jar;D:\Soft\Comp Lag Soft\JAVA\Jar Files\Repot\jasperreports-6.2.0-project (2)\jasperreports-6.2.0\lib\ant-1.7.1.jar;D:\Soft\Comp Lag Soft\JAVA\Jar Files\Repot\jasperreports-6.2.0-project (2)\jasperreports-6.2.0\lib\antlr-2.7.5.jar;D:\Soft\Comp Lag Soft\JAVA\Jar Files\Repot\jasperreports-6.2.0-project (2)\jasperreports-6.2.0\lib\barbecue-1.5-beta1.jar;D:\Soft\Comp Lag Soft\JAVA\Jar Files\Repot\jasperreports-6.2.0-project (2)\jasperreports-6.2.0\lib\barcode4j-2.1.jar;D:\Soft\Comp Lag Soft\JAVA\Jar Files\Repot\jasperreports-6.2.0-project (2)\jasperreports-6.2.0\lib\batik-anim.jar;D:\Soft\Comp Lag Soft\JAVA\Jar Files\Repot\jasperreports-6.2.0-project (2)\jasperreports-6.2.0\lib\batik-awt-util.jar;D:\Soft\Comp Lag Soft\JAVA\Jar Files\Repot\jasperreports-6.2.0-project (2)\jasperreports-6.2.0\lib\batik-bridge.jar;D:\Soft\Comp Lag Soft\JAVA\Jar Files
Launcher Type: SUN_STANDARD

Environment Variables:
PATH=C:/Program Files/Java/jre1.8.0_101/bin/server;C:/Program Files/Java/jre1.8.0_101/bin;C:/Program Files/Java/jre1.8.0_101/lib/amd64;C:\oraclexe\app\oracle\product\10.2.0\server\bin;C:\ProgramData\Oracle\Java\javapath;C:\Windows\system32;C:\Windows;C:\Windows\System32\Wbem;C:\Windows\System32\WindowsPowerShell\v1.0\;C:\Program Files (x86)\MySQL\MySQL Server 5.5\bin;C:\Program Files\Intel\WiFi\bin\;C:\Program Files\Common Files\Intel\WirelessCommon\;C:\Program Files (x86)\ATI Technologies\ATI.ACE\Core-Static;C:\Program Files (x86)\Common Files\lenovo\easyplussdk\bin;C:\Program Files\MySQL\MySQL Utilities 1.6\;C:\Program Files\Java\jdk1.8.0_101\bin;D:\Soft\Comp Lag Soft\JAVA\Eclipse\eclipse-jee-mars-2-win32-x86_64\eclipse;
USERNAME=appasaheb
OS=Windows_NT
PROCESSOR_IDENTIFIER=Intel64 Family 6 Model 69 Stepping 1, GenuineIntel



---------------  S Y S T E M  ---------------

OS: Windows 8.1 , 64 bit Build 9600 (6.3.9600.16384)

CPU:total 4 (2 cores per cpu, 2 threads per core) family 6 model 69 stepping 1, cmov, cx8, fxsr, mmx, sse, sse2, sse3, ssse3, sse4.1, sse4.2, popcnt, avx, avx2, aes, clmul, erms, lzcnt, ht, tsc, tscinvbit, bmi1, bmi2

Memory: 4k page, physical 4088172k(1156416k free), swap 9986540k(2426088k free)

vm_info: Java HotSpot(TM) 64-Bit Server VM (25.101-b13) for windows-amd64 JRE (1.8.0_101-b13), built on Jun 22 2016 01:21:29 by "java_re" with MS VC++ 10.0 (VS2010)

time: Thu Oct 13 14:52:31 2016
elapsed time: 11912 seconds (0d 3h 18m 32s)

